Added Component: Designator=C1(C0805)
Added Component: Designator=C2(C0805)
Added Component: Designator=C3(C0805)
Added Component: Designator=C4(C0805)
Added Component: Designator=C5(C0805)
Added Component: Designator=C6(C0805)
Added Component: Designator=C7(C1206)
Added Component: Designator=C8(C0805)
Added Component: Designator=C9(C0805)
Added Component: Designator=C10(C0805)
Added Component: Designator=C11(C0805)
Added Component: Designator=C12(C0805)
Added Component: Designator=C13(C0805)
Added Component: Designator=C14(C0805)
Added Component: Designator=C15(C0805)
Added Component: Designator=C16(C0805)
Added Component: Designator=C?(C0805)
Added Component: Designator=C?(C0805)
Added Component: Designator=D1(DO-35)
Added Component: Designator=P1(HDR1X2)
Added Component: Designator=P2(HDR1X2)
Added Component: Designator=P?(HDR1X2)
Added Component: Designator=R1(2012[0805])
Added Component: Designator=R2(2012[0805])
Added Component: Designator=R3(2012[0805])
Added Component: Designator=R4(2012[0805])
Added Component: Designator=R5(2012[0805])
Added Component: Designator=R6(2012[0805])
Added Component: Designator=R7(2012[0805])
Added Component: Designator=R8(2012[0805])
Added Component: Designator=RFC1(AXIAL-0.3)
Added Pin To Net: NetName=NetC1_1 Pin=C1-1
Added Pin To Net: NetName=NetC1_2 Pin=C1-2
Added Pin To Net: NetName=NetC1_2 Pin=C2-1
Added Pin To Net: NetName=GND Pin=C2-2
Added Pin To Net: NetName=NetC3_1 Pin=C3-1
Added Pin To Net: NetName=NetC1_1 Pin=C3-2
Added Pin To Net: NetName=NetC3_1 Pin=C4-1
Added Pin To Net: NetName=GND Pin=C4-2
Added Pin To Net: NetName=NetC3_1 Pin=C5-1
Added Pin To Net: NetName=GND Pin=C5-2
Added Pin To Net: NetName=NetC6_1 Pin=C6-1
Added Pin To Net: NetName=NetC3_1 Pin=C6-2
Added Pin To Net: NetName=NetC6_1 Pin=C7-1
Added Pin To Net: NetName=GND Pin=C7-2
Added Pin To Net: NetName=NetC1_1 Pin=C8-1
Added Pin To Net: NetName=NetC8_2 Pin=C8-2
Added Pin To Net: NetName=NetC9_1 Pin=C9-1
Added Pin To Net: NetName=IN Pin=C9-2
Added Pin To Net: NetName=IN Pin=C10-1
Added Pin To Net: NetName=GND Pin=C10-2
Added Pin To Net: NetName=NetC11_1 Pin=C11-1
Added Pin To Net: NetName=OUT Pin=C11-2
Added Pin To Net: NetName=NetC12_1 Pin=C12-1
Added Pin To Net: NetName=OUT Pin=C12-2
Added Pin To Net: NetName=NetC13_1 Pin=C13-1
Added Pin To Net: NetName=GND Pin=C13-2
Added Pin To Net: NetName=VCC Pin=C14-1
Added Pin To Net: NetName=GND Pin=C14-2
Added Pin To Net: NetName=NetC12_1 Pin=C15-1
Added Pin To Net: NetName=GND Pin=C15-2
Added Pin To Net: NetName=VCC Pin=C16-1
Added Pin To Net: NetName=GND Pin=C16-2
Added Pin To Net: NetName=VCC Pin=C?-1
Added Pin To Net: NetName=VCC Pin=C?-1
Added Pin To Net: NetName=GND Pin=C?-2
Added Pin To Net: NetName=GND Pin=C?-2
Added Pin To Net: NetName=NetC1_1 Pin=D1-1
Added Pin To Net: NetName=GND Pin=D1-2
Added Pin To Net: NetName=VCC Pin=P1-1
Added Pin To Net: NetName=GND Pin=P1-2
Added Pin To Net: NetName=NetP2_1 Pin=P2-1
Added Pin To Net: NetName=GND Pin=P2-2
Added Pin To Net: NetName=VCC Pin=P?-1
Added Pin To Net: NetName=GND Pin=P?-2
Added Pin To Net: NetName=GND Pin=R1-1
Added Pin To Net: NetName=NetR1_2 Pin=R1-2
Added Pin To Net: NetName=NetC1_1 Pin=R2-1
Added Pin To Net: NetName=GND Pin=R2-2
Added Pin To Net: NetName=GND Pin=R3-1
Added Pin To Net: NetName=NetC13_1 Pin=R3-2
Added Pin To Net: NetName=NetC13_1 Pin=R4-1
Added Pin To Net: NetName=NetC8_2 Pin=R4-2
Added Pin To Net: NetName=NetC9_1 Pin=R5-1
Added Pin To Net: NetName=GND Pin=R5-2
Added Pin To Net: NetName=NetC11_1 Pin=R6-1
Added Pin To Net: NetName=NetC12_1 Pin=R6-2
Added Pin To Net: NetName=NetC12_1 Pin=R7-1
Added Pin To Net: NetName=VCC Pin=R7-2
Added Pin To Net: NetName=NetP2_1 Pin=R8-1
Added Pin To Net: NetName=NetC6_1 Pin=R8-2
Added Pin To Net: NetName=NetC1_2 Pin=RFC1-1
Added Pin To Net: NetName=NetR1_2 Pin=RFC1-2
Added Class: Name=Alimentacion
Added Member To Class: ClassName=MezcladorBF998 Member=Component C1 Cap Pol3
Added Member To Class: ClassName=MezcladorBF998 Member=Component C2 Cap Pol3
Added Member To Class: ClassName=MezcladorBF998 Member=Component C3 Cap Pol3
Added Member To Class: ClassName=MezcladorBF998 Member=Component C4 Cap Pol3
Added Member To Class: ClassName=MezcladorBF998 Member=Component C5 Cap Pol3
Added Member To Class: ClassName=MezcladorBF998 Member=Component C6 Cap Pol3
Added Member To Class: ClassName=MezcladorBF998 Member=Component C7 Cap Semi
Added Member To Class: ClassName=MezcladorBF998 Member=Component C8 Cap Pol3
Added Member To Class: ClassName=MezcladorBF998 Member=Component C9 Cap Pol3
Added Member To Class: ClassName=MezcladorBF998 Member=Component C10 Cap Pol3
Added Member To Class: ClassName=MezcladorBF998 Member=Component C11 Cap Pol3
Added Member To Class: ClassName=MezcladorBF998 Member=Component C12 Cap Pol3
Added Member To Class: ClassName=MezcladorBF998 Member=Component C13 Cap Pol3
Added Member To Class: ClassName=MezcladorBF998 Member=Component C14 Cap Pol3
Added Member To Class: ClassName=MezcladorBF998 Member=Component C15 Cap Pol3
Added Member To Class: ClassName=MezcladorBF998 Member=Component C16 Cap Pol3
Added Member To Class: ClassName=MezcladorBF998 Member=Component D1 Diode 1N4148
Added Member To Class: ClassName=MezcladorBF998 Member=Component P1 Header 2
Added Member To Class: ClassName=MezcladorBF998 Member=Component P2 Header 2
Added Member To Class: ClassName=MezcladorBF998 Member=Component R1 Res Semi
Added Member To Class: ClassName=MezcladorBF998 Member=Component R2 Res Semi
Added Member To Class: ClassName=MezcladorBF998 Member=Component R3 Res Semi
Added Member To Class: ClassName=MezcladorBF998 Member=Component R4 Res Semi
Added Member To Class: ClassName=MezcladorBF998 Member=Component R5 Res Semi
Added Member To Class: ClassName=MezcladorBF998 Member=Component R6 Res Semi
Added Member To Class: ClassName=MezcladorBF998 Member=Component R7 Res Semi
Added Member To Class: ClassName=MezcladorBF998 Member=Component R8 Res Semi
Added Member To Class: ClassName=MezcladorBF998 Member=Component RFC1 Res1
Added Room: Name=Alimentacion
Added Room: Name=MezcladorBF998
