Added Component: Designator=bob1(AXIAL-0.3)
Added Component: Designator=C17(C0805)
Added Component: Designator=C18(C0805)
Added Component: Designator=C19(C0805)
Added Component: Designator=C20(C0805)
Added Component: Designator=C21(C0805)
Added Component: Designator=C22(C0805)
Added Component: Designator=C23(VP32-3.2)
Added Component: Designator=C24(C0805)
Added Component: Designator=C25(C0805)
Added Component: Designator=Q3(SOT143_N)
Added Component: Designator=R9(2012[0805])
Added Component: Designator=R10(2012[0805])
Added Component: Designator=R11(2012[0805])
Added Component: Designator=R12(2012[0805])
Added Component: Designator=R13(2012[0805])
Added Component: Designator=Y1(HC-49U)
Added Component: Designator=Y2(HC-49U)
Added Component: Designator=Y3(HC-49U)
Added Component: Designator=Y4(HC-49U)
Added Component: Designator=Y5(HC-49U)
Added Component: Designator=Y6(HC-49US)
Added Pin To Net: NetName=GND Pin=C19-2
Added Pin To Net: NetName=GND Pin=C20-2
Added Pin To Net: NetName=GND Pin=C21-2
Added Pin To Net: NetName=GND Pin=C24-2
Added Pin To Net: NetName=GND Pin=C25-2
Added Pin To Net: NetName=GND Pin=R9-2
Added Pin To Net: NetName=VCC Pin=R10-1
Added Pin To Net: NetName=GND Pin=R11-1
Added Pin To Net: NetName=VCC Pin=R12-1
Added Pin To Net: NetName=GND Pin=R13-1
Added Pin To Net: NetName=GND Pin=Y1-2
Added Pin To Net: NetName=GND Pin=Y6-2
Added Pin To Net: NetName=FI2 Pin=C18-2
Added Net: Name=FI2
Added Pin To Net: NetName=Netbob1_1 Pin=bob1-1
Added Pin To Net: NetName=Netbob1_1 Pin=C22-1
Added Pin To Net: NetName=Netbob1_1 Pin=C25-1
Added Pin To Net: NetName=Netbob1_1 Pin=R12-2
Added Net: Name=Netbob1_1
Added Pin To Net: NetName=Netbob1_2 Pin=bob1-2
Added Pin To Net: NetName=Netbob1_2 Pin=C17-1
Added Pin To Net: NetName=Netbob1_2 Pin=C22-2
Added Pin To Net: NetName=Netbob1_2 Pin=Q3-2
Added Net: Name=Netbob1_2
Added Pin To Net: NetName=NetC17_2 Pin=C17-2
Added Pin To Net: NetName=NetC17_2 Pin=Y2-1
Added Net: Name=NetC17_2
Added Pin To Net: NetName=NetC18_1 Pin=C18-1
Added Pin To Net: NetName=NetC18_1 Pin=Y5-2
Added Net: Name=NetC18_1
Added Pin To Net: NetName=NetC19_1 Pin=C19-1
Added Pin To Net: NetName=NetC19_1 Pin=Y2-2
Added Pin To Net: NetName=NetC19_1 Pin=Y3-1
Added Net: Name=NetC19_1
Added Pin To Net: NetName=NetC20_1 Pin=C20-1
Added Pin To Net: NetName=NetC20_1 Pin=Y3-2
Added Pin To Net: NetName=NetC20_1 Pin=Y4-1
Added Net: Name=NetC20_1
Added Pin To Net: NetName=NetC21_1 Pin=C21-1
Added Pin To Net: NetName=NetC21_1 Pin=Y4-2
Added Pin To Net: NetName=NetC21_1 Pin=Y5-1
Added Net: Name=NetC21_1
Added Pin To Net: NetName=NetC23_1 Pin=C23-1
Added Pin To Net: NetName=NetC23_1 Pin=C24-1
Added Pin To Net: NetName=NetC23_1 Pin=Q3-1
Added Pin To Net: NetName=NetC23_1 Pin=R13-2
Added Net: Name=NetC23_1
Added Pin To Net: NetName=NetC23_2 Pin=C23-2
Added Pin To Net: NetName=NetC23_2 Pin=Q3-3
Added Pin To Net: NetName=NetC23_2 Pin=R9-1
Added Pin To Net: NetName=NetC23_2 Pin=R10-2
Added Pin To Net: NetName=NetC23_2 Pin=Y1-1
Added Net: Name=NetC23_2
Added Pin To Net: NetName=NetQ3_4 Pin=Q3-4
Added Pin To Net: NetName=NetQ3_4 Pin=R11-2
Added Pin To Net: NetName=NetQ3_4 Pin=Y6-3
Added Net: Name=NetQ3_4
Added Class: Name=FI2_BF998
Added Room: Name=FI2_BF998
