Change Component Designator: OldDesignator=C1 NewDesignator=C3
Change Component Designator: OldDesignator=C2 NewDesignator=C8
Change Component Designator: OldDesignator=C3 NewDesignator=C2
Change Component Designator: OldDesignator=C4 NewDesignator=C5
Change Component Designator: OldDesignator=C5 NewDesignator=C6
Change Component Designator: OldDesignator=C6 NewDesignator=C4
Change Component Designator: OldDesignator=C8 NewDesignator=C9
Change Component Designator: OldDesignator=C9 NewDesignator=C12
Change Component Designator: OldDesignator=C10 NewDesignator=C13
Change Component Designator: OldDesignator=C11 NewDesignator=C10
Change Component Designator: OldDesignator=C12 NewDesignator=C11
Change Component Designator: OldDesignator=C13 NewDesignator=C15
Change Component Designator: OldDesignator=C14 NewDesignator=C16
Change Component Designator: OldDesignator=C15 NewDesignator=C14
Change Component Designator: OldDesignator=C16 NewDesignator=C1
Change Component Designator: OldDesignator=P1 NewDesignator=P2
Change Component Designator: OldDesignator=P2 NewDesignator=P1
Change Component Designator: OldDesignator=R1 NewDesignator=R3
Change Component Designator: OldDesignator=R2 NewDesignator=R1
Change Component Designator: OldDesignator=R3 NewDesignator=R8
Change Component Designator: OldDesignator=R4 NewDesignator=R6
Change Component Designator: OldDesignator=R6 NewDesignator=R4
Change Component Designator: OldDesignator=R8 NewDesignator=R2
Added Component: Designator=Ind1(Ind_3mm)
Added Component: Designator=Ind2(IND_7MM)
Added Component: Designator=Ind3(Ind_4mm)
Added Pin To Net: NetName=GND Pin=Ind1-1
Added Pin To Net: NetName=NetC3_1 Pin=Ind1-2
Added Pin To Net: NetName=NetC12_1 Pin=Ind2-1
Added Pin To Net: NetName=GND Pin=Ind3-1
Change Net Name : Old Net Name=NetC1_1 New Net Name=NetC2_2
Change Net Name : Old Net Name=NetC1_2 New Net Name=NetC3_2
Change Net Name : Old Net Name=NetC3_1 New Net Name=NetC2_1
Change Net Name : Old Net Name=NetC6_1 New Net Name=NetC4_1
Change Net Name : Old Net Name=NetC12_1 New Net Name=NetC11_1
Change Net Name : Old Net Name=NetC13_1 New Net Name=NetC15_1
Change Net Name : Old Net Name=NetP2_1 New Net Name=NetP1_1
Change Net Name : Old Net Name=NetR1_2 New Net Name=NetR3_2
Added Pin To Net: NetName=NetC9_2 Pin=C9-2
Added Pin To Net: NetName=NetC9_2 Pin=R6-2
Added Net: Name=NetC9_2
Added Pin To Net: NetName=NetC10_1 Pin=C10-1
Added Pin To Net: NetName=NetC10_1 Pin=Ind2-2
Added Pin To Net: NetName=NetC10_1 Pin=R4-1
Added Net: Name=NetC10_1
Added Pin To Net: NetName=NetC12_1 Pin=C12-1
Added Pin To Net: NetName=NetC12_1 Pin=Ind3-2
Added Pin To Net: NetName=NetC12_1 Pin=R5-1
Added Net: Name=NetC12_1
Added Member To Class: ClassName=MezcladorBF998 Member=Component Ind1 Ind2
Added Member To Class: ClassName=MezcladorBF998 Member=Component Ind2
Added Member To Class: ClassName=MezcladorBF998 Member=Component Ind3 Ind2
