Removed Pin From Net: NetName=N9 Pin=S1-1
Removed Pin From Net: NetName=N8 Pin=S1-2
Removed Pin From Net: NetName=N7 Pin=S1-3
Removed Pin From Net: NetName=N6 Pin=S1-4
Removed Pin From Net: NetName=N5 Pin=S1-5
Removed Pin From Net: NetName=N4 Pin=S1-6
Removed Pin From Net: NetName=N3 Pin=S1-7
Removed Pin From Net: NetName=N2 Pin=S1-8
Removed Pin From Net: NetName=GND Pin=S1-9
Removed Pin From Net: NetName=GND Pin=S1-10
Removed Pin From Net: NetName=GND Pin=S1-11
Removed Pin From Net: NetName=GND Pin=S1-12
Removed Pin From Net: NetName=GND Pin=S1-13
Removed Pin From Net: NetName=GND Pin=S1-14
Removed Pin From Net: NetName=GND Pin=S1-15
Removed Pin From Net: NetName=GND Pin=S1-16
Removed Pin From Net: NetName=N1 Pin=S2-1
Removed Pin From Net: NetName=N0 Pin=S2-2
Removed Pin From Net: NetName=A5 Pin=S2-3
Removed Pin From Net: NetName=A4 Pin=S2-4
Removed Pin From Net: NetName=A3 Pin=S2-5
Removed Pin From Net: NetName=A2 Pin=S2-6
Removed Pin From Net: NetName=A1 Pin=S2-7
Removed Pin From Net: NetName=A0 Pin=S2-8
Removed Pin From Net: NetName=GND Pin=S2-9
Removed Pin From Net: NetName=GND Pin=S2-10
Removed Pin From Net: NetName=GND Pin=S2-11
Removed Pin From Net: NetName=GND Pin=S2-12
Removed Pin From Net: NetName=GND Pin=S2-13
Removed Pin From Net: NetName=GND Pin=S2-14
Removed Pin From Net: NetName=GND Pin=S2-15
Removed Pin From Net: NetName=GND Pin=S2-16
Removed Pin From Net: NetName=RA2 Pin=S3-1
Removed Pin From Net: NetName=RA1 Pin=S3-2
Removed Pin From Net: NetName=RA0 Pin=S3-3
Removed Pin From Net: NetName=SW Pin=S3-4
Removed Pin From Net: NetName=GND Pin=S3-5
Removed Pin From Net: NetName=GND Pin=S3-6
Removed Pin From Net: NetName=GND Pin=S3-7
Removed Pin From Net: NetName=GND Pin=S3-8
Added Pin To Net: NetName=GND Pin=S1-1
Added Pin To Net: NetName=GND Pin=S1-2
Added Pin To Net: NetName=GND Pin=S1-3
Added Pin To Net: NetName=GND Pin=S1-4
Added Pin To Net: NetName=GND Pin=S1-5
Added Pin To Net: NetName=GND Pin=S1-6
Added Pin To Net: NetName=GND Pin=S1-7
Added Pin To Net: NetName=GND Pin=S1-8
Added Pin To Net: NetName=N2 Pin=S1-9
Added Pin To Net: NetName=N3 Pin=S1-10
Added Pin To Net: NetName=N4 Pin=S1-11
Added Pin To Net: NetName=N5 Pin=S1-12
Added Pin To Net: NetName=N6 Pin=S1-13
Added Pin To Net: NetName=N7 Pin=S1-14
Added Pin To Net: NetName=N8 Pin=S1-15
Added Pin To Net: NetName=N9 Pin=S1-16
Added Pin To Net: NetName=GND Pin=S2-1
Added Pin To Net: NetName=GND Pin=S2-2
Added Pin To Net: NetName=GND Pin=S2-3
Added Pin To Net: NetName=GND Pin=S2-4
Added Pin To Net: NetName=GND Pin=S2-5
Added Pin To Net: NetName=GND Pin=S2-6
Added Pin To Net: NetName=GND Pin=S2-7
Added Pin To Net: NetName=GND Pin=S2-8
Added Pin To Net: NetName=A0 Pin=S2-9
Added Pin To Net: NetName=A1 Pin=S2-10
Added Pin To Net: NetName=A2 Pin=S2-11
Added Pin To Net: NetName=A3 Pin=S2-12
Added Pin To Net: NetName=A4 Pin=S2-13
Added Pin To Net: NetName=A5 Pin=S2-14
Added Pin To Net: NetName=N0 Pin=S2-15
Added Pin To Net: NetName=N1 Pin=S2-16
Added Pin To Net: NetName=GND Pin=S3-1
Added Pin To Net: NetName=GND Pin=S3-2
Added Pin To Net: NetName=GND Pin=S3-3
Added Pin To Net: NetName=GND Pin=S3-4
Added Pin To Net: NetName=SW Pin=S3-5
Added Pin To Net: NetName=RA0 Pin=S3-6
Added Pin To Net: NetName=RA1 Pin=S3-7
Added Pin To Net: NetName=RA2 Pin=S3-8
