Added Component: Designator=C1(0805_CAP)
Added Component: Designator=C2(0805_CAP)
Added Component: Designator=C3(0805_CAP)
Added Component: Designator=C4(0805_CAP)
Added Component: Designator=C5(0805_CAP)
Added Component: Designator=C6(0805_CAP)
Added Component: Designator=C7(SMAL2)
Added Component: Designator=C8(0805_CAP)
Added Component: Designator=C9(0805_CAP)
Added Component: Designator=C10(0805_CAP)
Added Component: Designator=C11(0805_CAP)
Added Component: Designator=C12(0805_CAP)
Added Component: Designator=C13(0805_CAP)
Added Component: Designator=C14(0805_CAP)
Added Component: Designator=C15(0805_CAP)
Added Component: Designator=C16(0805_CAP)
Added Component: Designator=C17(0805_CAP)
Added Component: Designator=C18(0805_CAP)
Added Component: Designator=C19(0805_CAP)
Added Component: Designator=C24(C1206)
Added Component: Designator=D1(PLCC-2Rojo)
Added Component: Designator=Ind2(Ind_4mm)
Added Component: Designator=Q1(SOT-23)
Added Component: Designator=Q2(SOT23_N)
Added Component: Designator=R1(0805_RES)
Added Component: Designator=R2(0805_RES)
Added Component: Designator=R3(0805_RES)
Added Component: Designator=R4(0805_RES)
Added Component: Designator=R5(0805_RES)
Added Component: Designator=R6(0805_RES)
Added Component: Designator=R7(0805_RES)
Added Component: Designator=R8(0805_RES)
Added Component: Designator=R9(0805_RES)
Added Component: Designator=R10(0805_RES)
Added Component: Designator=R11(0805_RES)
Added Component: Designator=R12(0805_RES)
Added Component: Designator=R13(0805_RES)
Added Component: Designator=R14(0805_RES)
Added Component: Designator=R15(0805_RES)
Added Component: Designator=S1(DIP-16-KEY)
Added Component: Designator=S2(DIP-16-KEY)
Added Component: Designator=S3(DIP-8)
Added Component: Designator=U1(SO-8_2)
Added Component: Designator=U2(751-05_N)
Added Component: Designator=Y1(HC-49U)
Added Pin To Net: NetName=A0 Pin=S2-8
Added Net: Name=A0
Added Pin To Net: NetName=A1 Pin=S2-7
Added Net: Name=A1
Added Pin To Net: NetName=A2 Pin=S2-6
Added Net: Name=A2
Added Pin To Net: NetName=A3 Pin=S2-5
Added Net: Name=A3
Added Pin To Net: NetName=A4 Pin=S2-4
Added Net: Name=A4
Added Pin To Net: NetName=A5 Pin=S2-3
Added Net: Name=A5
Added Pin To Net: NetName=FIN Pin=U1-4
Added Net: Name=FIN
Added Pin To Net: NetName=GND Pin=C1-1
Added Pin To Net: NetName=GND Pin=C2-1
Added Pin To Net: NetName=GND Pin=C7-2
Added Pin To Net: NetName=GND Pin=C7-3
Added Pin To Net: NetName=GND Pin=C7-4
Added Pin To Net: NetName=GND Pin=C7-5
Added Pin To Net: NetName=GND Pin=C8-1
Added Pin To Net: NetName=GND Pin=C10-2
Added Pin To Net: NetName=GND Pin=C11-2
Added Pin To Net: NetName=GND Pin=C14-2
Added Pin To Net: NetName=GND Pin=C15-2
Added Pin To Net: NetName=GND Pin=C16-1
Added Pin To Net: NetName=GND Pin=C17-1
Added Pin To Net: NetName=GND Pin=C18-1
Added Pin To Net: NetName=GND Pin=C19-1
Added Pin To Net: NetName=GND Pin=C24-2
Added Pin To Net: NetName=GND Pin=D1-2
Added Pin To Net: NetName=GND Pin=Ind2-1
Added Pin To Net: NetName=GND Pin=Q2-2
Added Pin To Net: NetName=GND Pin=R7-1
Added Pin To Net: NetName=GND Pin=R9-2
Added Pin To Net: NetName=GND Pin=U1-5
Added Pin To Net: NetName=GND Pin=U2-4
Added Net: Name=GND
Added Pin To Net: NetName=LD Pin=R15-1
Added Net: Name=LD
Added Pin To Net: NetName=MC Pin=U1-6
Added Net: Name=MC
Added Pin To Net: NetName=N0 Pin=S2-2
Added Net: Name=N0
Added Pin To Net: NetName=N1 Pin=S2-1
Added Net: Name=N1
Added Pin To Net: NetName=N2 Pin=S1-8
Added Net: Name=N2
Added Pin To Net: NetName=N3 Pin=S1-7
Added Net: Name=N3
Added Pin To Net: NetName=N4 Pin=S1-6
Added Net: Name=N4
Added Pin To Net: NetName=N5 Pin=S1-5
Added Net: Name=N5
Added Pin To Net: NetName=N6 Pin=S1-4
Added Net: Name=N6
Added Pin To Net: NetName=N7 Pin=S1-3
Added Net: Name=N7
Added Pin To Net: NetName=N8 Pin=S1-2
Added Net: Name=N8
Added Pin To Net: NetName=N9 Pin=S1-1
Added Net: Name=N9
Added Pin To Net: NetName=NetC2_2 Pin=C2-2
Added Pin To Net: NetName=NetC2_2 Pin=Q1-3
Added Pin To Net: NetName=NetC2_2 Pin=R1-2
Added Net: Name=NetC2_2
Added Pin To Net: NetName=NetC3_1 Pin=C3-1
Added Pin To Net: NetName=NetC3_1 Pin=C6-1
Added Pin To Net: NetName=NetC3_1 Pin=Q1-1
Added Pin To Net: NetName=NetC3_1 Pin=R3-2
Added Net: Name=NetC3_1
Added Pin To Net: NetName=NetC3_2 Pin=C3-2
Added Pin To Net: NetName=NetC3_2 Pin=C5-1
Added Pin To Net: NetName=NetC3_2 Pin=Ind2-2
Added Net: Name=NetC3_2
Added Pin To Net: NetName=NetC4_1 Pin=C4-1
Added Pin To Net: NetName=NetC4_1 Pin=Q2-3
Added Pin To Net: NetName=NetC4_1 Pin=R2-2
Added Pin To Net: NetName=NetC4_1 Pin=R4-1
Added Net: Name=NetC4_1
Added Pin To Net: NetName=NetC5_2 Pin=C5-2
Added Pin To Net: NetName=NetC5_2 Pin=C8-2
Added Pin To Net: NetName=NetC5_2 Pin=C24-1
Added Pin To Net: NetName=NetC5_2 Pin=R5-2
Added Net: Name=NetC5_2
Added Pin To Net: NetName=NetC6_2 Pin=C6-2
Added Pin To Net: NetName=NetC6_2 Pin=C9-1
Added Pin To Net: NetName=NetC6_2 Pin=C10-1
Added Pin To Net: NetName=NetC6_2 Pin=Q1-2
Added Pin To Net: NetName=NetC6_2 Pin=R7-2
Added Net: Name=NetC6_2
Added Pin To Net: NetName=NetC9_2 Pin=C9-2
Added Pin To Net: NetName=NetC9_2 Pin=R6-2
Added Net: Name=NetC9_2
Added Pin To Net: NetName=NetC12_2 Pin=C12-2
Added Pin To Net: NetName=NetC12_2 Pin=R8-1
Added Net: Name=NetC12_2
Added Pin To Net: NetName=NetC13_1 Pin=C13-1
Added Pin To Net: NetName=NetC13_1 Pin=U1-1
Added Net: Name=NetC13_1
Added Pin To Net: NetName=NetC14_1 Pin=C14-1
Added Pin To Net: NetName=NetC14_1 Pin=R10-2
Added Pin To Net: NetName=NetC14_1 Pin=R11-1
Added Net: Name=NetC14_1
Added Pin To Net: NetName=NetC15_1 Pin=C15-1
Added Pin To Net: NetName=NetC15_1 Pin=U1-8
Added Net: Name=NetC15_1
Added Pin To Net: NetName=NetC16_2 Pin=C16-2
Added Pin To Net: NetName=NetC16_2 Pin=R12-2
Added Pin To Net: NetName=NetC16_2 Pin=R13-1
Added Net: Name=NetC16_2
Added Pin To Net: NetName=NetC17_2 Pin=C17-2
Added Pin To Net: NetName=NetC17_2 Pin=Y1-1
Added Net: Name=NetC17_2
Added Pin To Net: NetName=NetC18_2 Pin=C18-2
Added Pin To Net: NetName=NetC18_2 Pin=Y1-2
Added Net: Name=NetC18_2
Added Pin To Net: NetName=NetC19_2 Pin=C19-2
Added Pin To Net: NetName=NetC19_2 Pin=R14-1
Added Net: Name=NetC19_2
Added Pin To Net: NetName=NetD1_1 Pin=D1-1
Added Pin To Net: NetName=NetD1_1 Pin=R15-2
Added Net: Name=NetD1_1
Added Pin To Net: NetName=NetQ2_1 Pin=Q2-1
Added Pin To Net: NetName=NetQ2_1 Pin=R4-2
Added Pin To Net: NetName=NetQ2_1 Pin=R6-1
Added Net: Name=NetQ2_1
Added Pin To Net: NetName=NetR8_2 Pin=R8-2
Added Pin To Net: NetName=NetR8_2 Pin=R11-2
Added Pin To Net: NetName=NetR8_2 Pin=U2-2
Added Net: Name=NetR8_2
Added Pin To Net: NetName=NetR10_1 Pin=R10-1
Added Net: Name=NetR10_1
Added Pin To Net: NetName=NetR12_1 Pin=R12-1
Added Net: Name=NetR12_1
Added Pin To Net: NetName=NetR13_2 Pin=R13-2
Added Pin To Net: NetName=NetR13_2 Pin=R14-2
Added Pin To Net: NetName=NetR13_2 Pin=U2-3
Added Net: Name=NetR13_2
Added Pin To Net: NetName=NetS1_9 Pin=S1-9
Added Pin To Net: NetName=NetS1_9 Pin=S1-10
Added Pin To Net: NetName=NetS1_9 Pin=S1-11
Added Pin To Net: NetName=NetS1_9 Pin=S1-12
Added Pin To Net: NetName=NetS1_9 Pin=S1-13
Added Pin To Net: NetName=NetS1_9 Pin=S1-14
Added Pin To Net: NetName=NetS1_9 Pin=S1-15
Added Pin To Net: NetName=NetS1_9 Pin=S1-16
Added Net: Name=NetS1_9
Added Pin To Net: NetName=NetS2_9 Pin=S2-9
Added Pin To Net: NetName=NetS2_9 Pin=S2-10
Added Pin To Net: NetName=NetS2_9 Pin=S2-11
Added Pin To Net: NetName=NetS2_9 Pin=S2-12
Added Pin To Net: NetName=NetS2_9 Pin=S2-13
Added Pin To Net: NetName=NetS2_9 Pin=S2-14
Added Pin To Net: NetName=NetS2_9 Pin=S2-15
Added Pin To Net: NetName=NetS2_9 Pin=S2-16
Added Net: Name=NetS2_9
Added Pin To Net: NetName=OL Pin=C4-2
Added Pin To Net: NetName=OL Pin=C7-1
Added Pin To Net: NetName=OL Pin=C13-2
Added Pin To Net: NetName=OL Pin=R9-1
Added Net: Name=OL
Added Pin To Net: NetName=RA0 Pin=S3-3
Added Net: Name=RA0
Added Pin To Net: NetName=RA1 Pin=S3-2
Added Net: Name=RA1
Added Pin To Net: NetName=RA2 Pin=S3-1
Added Net: Name=RA2
Added Pin To Net: NetName=SW Pin=S3-4
Added Pin To Net: NetName=SW Pin=U1-3
Added Net: Name=SW
Added Pin To Net: NetName=VCC Pin=C1-2
Added Pin To Net: NetName=VCC Pin=C11-1
Added Pin To Net: NetName=VCC Pin=R1-1
Added Pin To Net: NetName=VCC Pin=R2-1
Added Pin To Net: NetName=VCC Pin=R3-1
Added Pin To Net: NetName=VCC Pin=U1-2
Added Pin To Net: NetName=VCC Pin=U2-8
Added Net: Name=VCC
Added Pin To Net: NetName=VC Pin=C12-1
Added Pin To Net: NetName=VC Pin=R5-1
Added Pin To Net: NetName=VC Pin=U2-1
Added Net: Name=VC
Added Class: Name=Sintetizador_BA
Added Room: Name=Sintetizador_BA
