Added Component: Designator=C1(0805_CAP)
Added Component: Designator=C2(0805_CAP)
Added Component: Designator=C3(0805_CAP)
Added Component: Designator=C4(0805_CAP)
Added Component: Designator=C5(0805_CAP)
Added Component: Designator=C6(0805_CAP)
Added Component: Designator=C7(0805_CAP)
Added Component: Designator=C8(SMAL2)
Added Component: Designator=OSC1(V140MC03)
Added Component: Designator=P1(HeaderHx5)
Added Component: Designator=P2(HeaderHx2)
Added Component: Designator=R1(0805_RES)
Added Component: Designator=R2(0805_RES)
Added Component: Designator=R3(0805_RES)
Added Component: Designator=R4(0805_RES)
Added Component: Designator=R5(0805_RES)
Added Component: Designator=R6(0805_RES)
Added Component: Designator=R7(0805_RES)
Added Pin To Net: NetName=GND Pin=C3-1
Added Pin To Net: NetName=GND Pin=C4-1
Added Pin To Net: NetName=GND Pin=C5-1
Added Pin To Net: NetName=GND Pin=C6-1
Added Pin To Net: NetName=GND Pin=C8-3
Added Pin To Net: NetName=GND Pin=OSC1-4
Added Pin To Net: NetName=GND Pin=OSC1-4
Added Pin To Net: NetName=GND Pin=OSC1-4
Added Pin To Net: NetName=GND Pin=OSC1-4
Added Pin To Net: NetName=GND Pin=OSC1-4
Added Pin To Net: NetName=GND Pin=OSC1-4
Added Pin To Net: NetName=GND Pin=OSC1-4
Added Pin To Net: NetName=GND Pin=OSC1-4
Added Pin To Net: NetName=GND Pin=OSC1-4
Added Pin To Net: NetName=GND Pin=OSC1-4
Added Pin To Net: NetName=GND Pin=OSC1-4
Added Pin To Net: NetName=GND Pin=P2-2
Added Pin To Net: NetName=GND Pin=R1-2
Added Pin To Net: NetName=GND Pin=R7-2
Added Net: Name=GND
Added Pin To Net: NetName=LD Pin=P1-1
Added Net: Name=LD
Added Pin To Net: NetName=NetC1_1 Pin=C1-1
Added Net: Name=NetC1_1
Added Pin To Net: NetName=NetC1_2 Pin=C1-2
Added Pin To Net: NetName=NetC1_2 Pin=R1-1
Added Pin To Net: NetName=NetC1_2 Pin=R2-2
Added Net: Name=NetC1_2
Added Pin To Net: NetName=NetC2_1 Pin=C2-1
Added Pin To Net: NetName=NetC2_1 Pin=R3-1
Added Net: Name=NetC2_1
Added Pin To Net: NetName=NetC2_2 Pin=C2-2
Added Pin To Net: NetName=NetC2_2 Pin=OSC1-2
Added Net: Name=NetC2_2
Added Pin To Net: NetName=NetC3_2 Pin=C3-2
Added Pin To Net: NetName=NetC3_2 Pin=R4-1
Added Pin To Net: NetName=NetC3_2 Pin=R5-1
Added Net: Name=NetC3_2
Added Pin To Net: NetName=NetC4_2 Pin=C4-2
Added Pin To Net: NetName=NetC4_2 Pin=OSC1-1
Added Pin To Net: NetName=NetC4_2 Pin=R4-2
Added Net: Name=NetC4_2
Added Pin To Net: NetName=NetC5_2 Pin=C5-2
Added Net: Name=NetC5_2
Added Pin To Net: NetName=NetC6_2 Pin=C6-2
Added Pin To Net: NetName=NetC6_2 Pin=R5-2
Added Net: Name=NetC6_2
Added Pin To Net: NetName=NetC7_1 Pin=C7-1
Added Pin To Net: NetName=NetC7_1 Pin=C8-1
Added Net: Name=NetC7_1
Added Pin To Net: NetName=NetC7_2 Pin=C7-2
Added Pin To Net: NetName=NetC7_2 Pin=R6-1
Added Net: Name=NetC7_2
Added Pin To Net: NetName=NetP1_2 Pin=P1-2
Added Net: Name=NetP1_2
Added Pin To Net: NetName=NetP1_3 Pin=P1-3
Added Net: Name=NetP1_3
Added Pin To Net: NetName=NetP1_4 Pin=P1-4
Added Net: Name=NetP1_4
Added Pin To Net: NetName=NetP1_5 Pin=P1-5
Added Net: Name=NetP1_5
Added Pin To Net: NetName=NetR2_1 Pin=R2-1
Added Pin To Net: NetName=NetR2_1 Pin=R3-2
Added Pin To Net: NetName=NetR2_1 Pin=R6-2
Added Net: Name=NetR2_1
Added Pin To Net: NetName=NetR7_1 Pin=R7-1
Added Net: Name=NetR7_1
Added Pin To Net: NetName=VCC Pin=OSC1-3
Added Pin To Net: NetName=VCC Pin=P2-1
Added Net: Name=VCC
Added Class: Name=Sintetizador_BA_Analog
Added Room: Name=Sintetizador_BA_Analog
