Added Component: Designator=C13(0805_CAP)
Added Component: Designator=C14(0805_CAP)
Added Component: Designator=C15(0805_CAP)
Added Component: Designator=C16(0805_CAP)
Added Component: Designator=C17(0805_CAP)
Added Component: Designator=Q1(SOT23_N)
Added Component: Designator=R12(0805_RES)
Added Component: Designator=R13(0805_RES)
Added Component: Designator=Y1(HC-49U)
Added Pin To Net: NetName=GND Pin=C13-1
Added Pin To Net: NetName=VCC Pin=C13-2
Added Pin To Net: NetName=GND Pin=C17-1
Added Pin To Net: NetName=VCC Pin=Q1-3
Added Pin To Net: NetName=VCC Pin=R12-1
Added Pin To Net: NetName=GND Pin=R13-2
Added Pin To Net: NetName=GND Pin=Y1-1
Added Pin To Net: NetName=NetC14_1 Pin=C14-1
Added Pin To Net: NetName=NetC14_1 Pin=C15-2
Added Pin To Net: NetName=NetC14_1 Pin=Q1-1
Added Pin To Net: NetName=NetC14_1 Pin=R12-2
Added Net: Name=NetC14_1
Added Pin To Net: NetName=NetC14_2 Pin=C14-2
Added Pin To Net: NetName=NetC14_2 Pin=Y1-2
Added Net: Name=NetC14_2
Added Pin To Net: NetName=NetC15_1 Pin=C15-1
Added Pin To Net: NetName=NetC15_1 Pin=C16-2
Added Pin To Net: NetName=NetC15_1 Pin=C17-2
Added Pin To Net: NetName=NetC15_1 Pin=Q1-2
Added Pin To Net: NetName=NetC15_1 Pin=R13-1
Added Net: Name=NetC15_1
Added Pin To Net: NetName=REF Pin=C16-1
Added Pin To Net: NetName=REF Pin=U1-8
Added Net: Name=REF
Added Member To Class: ClassName=Sintetizador_BA_Analog Member=Component C13 Capacitor
Added Member To Class: ClassName=Sintetizador_BA_Analog Member=Component C14 Capacitor
Added Member To Class: ClassName=Sintetizador_BA_Analog Member=Component C15 Capacitor
Added Member To Class: ClassName=Sintetizador_BA_Analog Member=Component C16 Capacitor
Added Member To Class: ClassName=Sintetizador_BA_Analog Member=Component C17 Capacitor
Added Member To Class: ClassName=Sintetizador_BA_Analog Member=Component Q1 BFS17
Added Member To Class: ClassName=Sintetizador_BA_Analog Member=Component R12 Resistor
Added Member To Class: ClassName=Sintetizador_BA_Analog Member=Component R13 Resistor
Added Member To Class: ClassName=Sintetizador_BA_Analog Member=Component Y1 ECS-49-20-1
