Removed Pin From Net: NetName=VCC Pin=OSC1-3
Removed Pin From Net: NetName=VCC Pin=U1-7
Removed Pin From Net: NetName=VCC Pin=U1-15
Removed Pin From Net: NetName=VCC Pin=U1-16
Added Component: Designator=C7(0805_CAP)
Added Component: Designator=C9(0805_CAP)
Added Component: Designator=C10(0805_CAP)
Added Component: Designator=C11(0805_CAP)
Added Component: Designator=C12(0805_CAP)
Added Component: Designator=R11(0805_RES)
Added Component: Designator=U2(D008_N)
Added Pin To Net: NetName=GND Pin=C7-1
Added Pin To Net: NetName=GND Pin=C9-1
Added Pin To Net: NetName=VCC Pin=C9-2
Added Pin To Net: NetName=GND Pin=C10-1
Added Pin To Net: NetName=VCC Pin=C10-2
Added Pin To Net: NetName=GND Pin=C11-1
Added Pin To Net: NetName=GND Pin=C12-1
Added Pin To Net: NetName=VCC Pin=R11-1
Added Pin To Net: NetName=GND Pin=U2-2
Added Pin To Net: NetName=GND Pin=U2-3
Added Pin To Net: NetName=GND Pin=U2-6
Added Pin To Net: NetName=GND Pin=U2-7
Added Pin To Net: NetName=VCC Pin=U2-8
Added Pin To Net: NetName=5V Pin=C11-2
Added Pin To Net: NetName=5V Pin=C12-2
Added Pin To Net: NetName=5V Pin=U1-7
Added Pin To Net: NetName=5V Pin=U1-15
Added Pin To Net: NetName=5V Pin=U1-16
Added Pin To Net: NetName=5V Pin=U2-1
Added Net: Name=5V
Added Pin To Net: NetName=NetC7_2 Pin=C7-2
Added Pin To Net: NetName=NetC7_2 Pin=OSC1-3
Added Pin To Net: NetName=NetC7_2 Pin=R11-2
Added Net: Name=NetC7_2
Added Member To Class: ClassName=Sintetizador_BA_Analog Member=Component C7 Capacitor
Added Member To Class: ClassName=Sintetizador_BA_Analog Member=Component C9 Capacitor
Added Member To Class: ClassName=Sintetizador_BA_Analog Member=Component C10 Capacitor
Added Member To Class: ClassName=Sintetizador_BA_Analog Member=Component C11 Capacitor
Added Member To Class: ClassName=Sintetizador_BA_Analog Member=Component C12 Capacitor
Added Member To Class: ClassName=Sintetizador_BA_Analog Member=Component R11 Resistor
Added Member To Class: ClassName=Sintetizador_BA_Analog Member=Component U2 µA78L05ACDR
