Added Component: Designator=C?(0805_CAP)
Added Component: Designator=C?(0805_CAP)
Added Component: Designator=C?(0805_CAP)
Added Component: Designator=C?(0805_CAP)
Added Component: Designator=C?(0805_CAP)
Added Component: Designator=C?(0805_CAP)
Added Component: Designator=C?(0805_CAP)
Added Component: Designator=C?(0805_CAP)
Added Component: Designator=C?(0805_CAP)
Added Component: Designator=C?(0805_CAP)
Added Component: Designator=C?(0805_CAP)
Added Component: Designator=C?(0805_CAP)
Added Component: Designator=C?(0805_CAP)
Added Component: Designator=C?(0805_CAP)
Added Component: Designator=CF?(Filter_10_7)
Added Component: Designator=CF?(Filter_10_7)
Added Component: Designator=CF?(Filter_10_7)
Added Component: Designator=D?(SOT323_N)
Added Component: Designator=P?(HDR1X2)
Added Component: Designator=Q?(SOT23)
Added Component: Designator=Q?(SOT23)
Added Component: Designator=Q?(SOT23)
Added Component: Designator=Q?(SOT23)
Added Component: Designator=Q?(SOT23)
Added Component: Designator=R?(0805_RES)
Added Component: Designator=R?(0805_RES)
Added Component: Designator=R?(0805_RES)
Added Component: Designator=R?(0805_RES)
Added Component: Designator=R?(0805_RES)
Added Component: Designator=R?(0805_RES)
Added Component: Designator=R?(0805_RES)
Added Component: Designator=R?(2012[0805])
Added Component: Designator=R?(2012[0805])
Added Component: Designator=R?(2012[0805])
Added Component: Designator=R?(0805_RES)
Added Component: Designator=R?(0805_RES)
Added Component: Designator=R?(0805_RES)
Added Component: Designator=R?(0805_RES)
Added Component: Designator=R?(0805_RES)
Added Component: Designator=R?(0805_RES)
Added Component: Designator=R?(0805_RES)
Added Component: Designator=R?(0805_RES)
Added Component: Designator=R?(0805_RES)
Added Component: Designator=R?(0805_RES)
Added Component: Designator=R?(0805_RES)
Added Component: Designator=R?(0805_RES)
Added Component: Designator=R?(0805_RES)
Added Component: Designator=R?(0805_RES)
Added Component: Designator=R?(0805_RES)
Added Component: Designator=R?(0805_RES)
Added Component: Designator=T?(NTH12_V_3Ind)
Added Component: Designator=U?(751-05_M)
Added Component: Designator=U?(751-05_M)
Added Pin To Net: NetName=CAG Pin=R?-1
Added Pin To Net: NetName=CAG Pin=R?-2
Added Pin To Net: NetName=CAG Pin=R?-2
Added Pin To Net: NetName=CAG Pin=U?-1
Added Net: Name=CAG
Added Pin To Net: NetName=GND Pin=C?-1
Added Pin To Net: NetName=GND Pin=C?-1
Added Pin To Net: NetName=GND Pin=C?-1
Added Pin To Net: NetName=GND Pin=C?-1
Added Pin To Net: NetName=GND Pin=C?-1
Added Pin To Net: NetName=GND Pin=C?-1
Added Pin To Net: NetName=GND Pin=C?-2
Added Pin To Net: NetName=GND Pin=C?-2
Added Pin To Net: NetName=GND Pin=C?-2
Added Pin To Net: NetName=GND Pin=CF?-2
Added Pin To Net: NetName=GND Pin=CF?-2
Added Pin To Net: NetName=GND Pin=CF?-2
Added Pin To Net: NetName=GND Pin=R?-1
Added Pin To Net: NetName=GND Pin=R?-1
Added Pin To Net: NetName=GND Pin=R?-1
Added Pin To Net: NetName=GND Pin=R?-2
Added Pin To Net: NetName=GND Pin=R?-2
Added Pin To Net: NetName=GND Pin=R?-2
Added Pin To Net: NetName=GND Pin=R?-2
Added Pin To Net: NetName=GND Pin=R?-2
Added Pin To Net: NetName=GND Pin=R?-2
Added Pin To Net: NetName=GND Pin=R?-2
Added Pin To Net: NetName=GND Pin=T?-4
Added Pin To Net: NetName=GND Pin=T?-5
Added Pin To Net: NetName=GND Pin=U?-4
Added Net: Name=GND
Added Pin To Net: NetName=NetC?_1 Pin=C?-1
Added Pin To Net: NetName=NetC?_1 Pin=R?-1
Added Pin To Net: NetName=NetC?_1 Pin=R?-1
Added Pin To Net: NetName=NetC?_1 Pin=R?-2
Added Pin To Net: NetName=NetC?_1 Pin=T?-1
Added Net: Name=NetC?_1
Added Pin To Net: NetName=NetC?_2 Pin=C?-2
Added Pin To Net: NetName=NetC?_2 Pin=D?-3
Added Pin To Net: NetName=NetC?_2 Pin=R?-1
Added Pin To Net: NetName=NetC?_2 Pin=R?-2
Added Net: Name=NetC?_2
Added Pin To Net: NetName=NetCF?_1 Pin=CF?-1
Added Pin To Net: NetName=NetCF?_1 Pin=Q?-1
Added Net: Name=NetCF?_1
Added Pin To Net: NetName=NetD?_1 Pin=D?-1
Added Pin To Net: NetName=NetD?_1 Pin=T?-3
Added Net: Name=NetD?_1
Added Pin To Net: NetName=NetD?_2 Pin=D?-2
Added Pin To Net: NetName=NetD?_2 Pin=T?-6
Added Net: Name=NetD?_2
Added Pin To Net: NetName=NetP?_2 Pin=P?-2
Added Pin To Net: NetName=NetP?_2 Pin=R?-2
Added Net: Name=NetP?_2
Added Pin To Net: NetName=NetQ?_2 Pin=Q?-2
Added Pin To Net: NetName=NetQ?_2 Pin=R?-1
Added Pin To Net: NetName=NetQ?_2 Pin=R?-2
Added Pin To Net: NetName=NetQ?_2 Pin=U?-2
Added Net: Name=NetQ?_2
Added Pin To Net: NetName=NetQ?_3 Pin=Q?-3
Added Pin To Net: NetName=NetQ?_3 Pin=R?-2
Added Pin To Net: NetName=NetQ?_3 Pin=T?-2
Added Net: Name=NetQ?_3
Added Pin To Net: NetName=NetR?_1 Pin=R?-1
Added Pin To Net: NetName=NetR?_1 Pin=R?-2
Added Pin To Net: NetName=NetR?_1 Pin=U?-3
Added Net: Name=NetR?_1
Added Pin To Net: NetName=VCC Pin=C?-2
Added Pin To Net: NetName=VCC Pin=P?-1
Added Pin To Net: NetName=VCC Pin=Q?-1
Added Pin To Net: NetName=VCC Pin=R?-1
Added Pin To Net: NetName=VCC Pin=R?-1
Added Pin To Net: NetName=VCC Pin=R?-1
Added Pin To Net: NetName=VCC Pin=U?-8
Added Net: Name=VCC
Added Class: Name=FI_10_7
Added Room: Name=FI_10_7
