Added Component: Designator=C1(0805_CAP)
Added Component: Designator=C2(0805_CAP)
Added Component: Designator=C3(0805_CAP)
Added Component: Designator=C4(0805_CAP)
Added Component: Designator=C5(0805_CAP)
Added Component: Designator=C6(0805_CAP)
Added Component: Designator=C7(0805_CAP)
Added Component: Designator=C8(0805_CAP)
Added Component: Designator=C9(0805_CAP)
Added Component: Designator=C10(0805_CAP)
Added Component: Designator=C11(0805_CAP)
Added Component: Designator=C12(0805_CAP)
Added Component: Designator=C13(0805_CAP)
Added Component: Designator=C14(0805_CAP)
Added Component: Designator=CF1(Filter_10_7)
Added Component: Designator=CF2(Filter_10_7)
Added Component: Designator=CF3(Filter_10_7)
Added Component: Designator=D1(SOT323_N)
Added Component: Designator=P1(HDR1X2)
Added Component: Designator=Q1(SOT23)
Added Component: Designator=Q2(SOT23)
Added Component: Designator=Q3(SOT23)
Added Component: Designator=Q4(SOT23)
Added Component: Designator=Q5(SOT23)
Added Component: Designator=R1(0805_RES)
Added Component: Designator=R2(0805_RES)
Added Component: Designator=R3(0805_RES)
Added Component: Designator=R4(2012[0805])
Added Component: Designator=R5(0805_RES)
Added Component: Designator=R6(0805_RES)
Added Component: Designator=R7(0805_RES)
Added Component: Designator=R8(0805_RES)
Added Component: Designator=R9(0805_RES)
Added Component: Designator=R10(0805_RES)
Added Component: Designator=R11(0805_RES)
Added Component: Designator=R12(0805_RES)
Added Component: Designator=R13(2012[0805])
Added Component: Designator=R14(0805_RES)
Added Component: Designator=R15(0805_RES)
Added Component: Designator=R16(0805_RES)
Added Component: Designator=R17(2012[0805])
Added Component: Designator=R18(0805_RES)
Added Component: Designator=R19(0805_RES)
Added Component: Designator=R20(0805_RES)
Added Component: Designator=R21(0805_RES)
Added Component: Designator=R22(0805_RES)
Added Component: Designator=R23(0805_RES)
Added Component: Designator=R24(0805_RES)
Added Component: Designator=R25(0805_RES)
Added Component: Designator=R26(0805_RES)
Added Component: Designator=T1(NTH12_V_3Ind)
Added Component: Designator=U1(751-05_M)
Added Pin To Net: NetName=CAG Pin=R2-1
Added Pin To Net: NetName=CAG Pin=R17-2
Added Pin To Net: NetName=CAG Pin=R23-2
Added Pin To Net: NetName=CAG Pin=U1-1
Added Net: Name=CAG
Added Pin To Net: NetName=GND Pin=C1-2
Added Pin To Net: NetName=GND Pin=C2-2
Added Pin To Net: NetName=GND Pin=C3-2
Added Pin To Net: NetName=GND Pin=C4-1
Added Pin To Net: NetName=GND Pin=C10-1
Added Pin To Net: NetName=GND Pin=C11-1
Added Pin To Net: NetName=GND Pin=C12-1
Added Pin To Net: NetName=GND Pin=C13-1
Added Pin To Net: NetName=GND Pin=C14-1
Added Pin To Net: NetName=GND Pin=CF1-2
Added Pin To Net: NetName=GND Pin=CF2-2
Added Pin To Net: NetName=GND Pin=CF3-2
Added Pin To Net: NetName=GND Pin=R8-2
Added Pin To Net: NetName=GND Pin=R14-2
Added Pin To Net: NetName=GND Pin=R15-2
Added Pin To Net: NetName=GND Pin=R16-2
Added Pin To Net: NetName=GND Pin=R18-2
Added Pin To Net: NetName=GND Pin=R19-2
Added Pin To Net: NetName=GND Pin=R20-2
Added Pin To Net: NetName=GND Pin=R22-1
Added Pin To Net: NetName=GND Pin=R24-1
Added Pin To Net: NetName=GND Pin=R26-1
Added Pin To Net: NetName=GND Pin=T1-4
Added Pin To Net: NetName=GND Pin=T1-5
Added Pin To Net: NetName=GND Pin=U1-4
Added Net: Name=GND
Added Pin To Net: NetName=NetC1_1 Pin=C1-1
Added Pin To Net: NetName=NetC1_1 Pin=R1-2
Added Pin To Net: NetName=NetC1_1 Pin=R7-1
Added Pin To Net: NetName=NetC1_1 Pin=R11-1
Added Pin To Net: NetName=NetC1_1 Pin=T1-1
Added Net: Name=NetC1_1
Added Pin To Net: NetName=NetC2_1 Pin=C2-1
Added Pin To Net: NetName=NetC2_1 Pin=R2-2
Added Pin To Net: NetName=NetC2_1 Pin=R5-1
Added Pin To Net: NetName=NetC2_1 Pin=R9-1
Added Net: Name=NetC2_1
Added Pin To Net: NetName=NetC3_1 Pin=C3-1
Added Pin To Net: NetName=NetC3_1 Pin=R3-2
Added Pin To Net: NetName=NetC3_1 Pin=R6-1
Added Pin To Net: NetName=NetC3_1 Pin=R10-1
Added Net: Name=NetC3_1
Added Pin To Net: NetName=NetC4_2 Pin=C4-2
Added Pin To Net: NetName=NetC4_2 Pin=D1-3
Added Pin To Net: NetName=NetC4_2 Pin=R8-1
Added Pin To Net: NetName=NetC4_2 Pin=R21-2
Added Net: Name=NetC4_2
Added Pin To Net: NetName=NetC5_1 Pin=C5-1
Added Pin To Net: NetName=NetC5_1 Pin=Q1-2
Added Pin To Net: NetName=NetC5_1 Pin=R4-2
Added Pin To Net: NetName=NetC5_1 Pin=R13-1
Added Net: Name=NetC5_1
Added Pin To Net: NetName=NetC5_2 Pin=C5-2
Added Pin To Net: NetName=NetC5_2 Pin=Q2-3
Added Pin To Net: NetName=NetC5_2 Pin=R5-2
Added Net: Name=NetC5_2
Added Pin To Net: NetName=NetC6_1 Pin=C6-1
Added Pin To Net: NetName=NetC6_1 Pin=CF2-1
Added Net: Name=NetC6_1
Added Pin To Net: NetName=NetC6_2 Pin=C6-2
Added Pin To Net: NetName=NetC6_2 Pin=Q3-3
Added Pin To Net: NetName=NetC6_2 Pin=R6-2
Added Net: Name=NetC6_2
Added Pin To Net: NetName=NetC7_1 Pin=C7-1
Added Pin To Net: NetName=NetC7_1 Pin=CF1-3
Added Net: Name=NetC7_1
Added Pin To Net: NetName=NetC7_2 Pin=C7-2
Added Pin To Net: NetName=NetC7_2 Pin=Q3-1
Added Pin To Net: NetName=NetC7_2 Pin=R10-2
Added Pin To Net: NetName=NetC7_2 Pin=R15-1
Added Net: Name=NetC7_2
Added Pin To Net: NetName=NetC8_1 Pin=C8-1
Added Pin To Net: NetName=NetC8_1 Pin=Q4-1
Added Pin To Net: NetName=NetC8_1 Pin=R11-2
Added Pin To Net: NetName=NetC8_1 Pin=R16-1
Added Net: Name=NetC8_1
Added Pin To Net: NetName=NetC8_2 Pin=C8-2
Added Pin To Net: NetName=NetC8_2 Pin=CF2-3
Added Net: Name=NetC8_2
Added Pin To Net: NetName=NetC9_1 Pin=C9-1
Added Pin To Net: NetName=NetC9_1 Pin=Q2-1
Added Pin To Net: NetName=NetC9_1 Pin=R9-2
Added Pin To Net: NetName=NetC9_1 Pin=R14-1
Added Net: Name=NetC9_1
Added Pin To Net: NetName=NetC9_2 Pin=C9-2
Added Pin To Net: NetName=NetC9_2 Pin=CF3-3
Added Net: Name=NetC9_2
Added Pin To Net: NetName=NetC10_2 Pin=C10-2
Added Pin To Net: NetName=NetC10_2 Pin=Q2-2
Added Pin To Net: NetName=NetC10_2 Pin=R18-1
Added Net: Name=NetC10_2
Added Pin To Net: NetName=NetC11_2 Pin=C11-2
Added Pin To Net: NetName=NetC11_2 Pin=Q3-2
Added Pin To Net: NetName=NetC11_2 Pin=R19-1
Added Net: Name=NetC11_2
Added Pin To Net: NetName=NetC12_2 Pin=C12-2
Added Pin To Net: NetName=NetC12_2 Pin=Q4-2
Added Pin To Net: NetName=NetC12_2 Pin=R20-1
Added Net: Name=NetC12_2
Added Pin To Net: NetName=NetC13_2 Pin=C13-2
Added Pin To Net: NetName=NetC13_2 Pin=Q5-3
Added Pin To Net: NetName=NetC13_2 Pin=R21-1
Added Pin To Net: NetName=NetC13_2 Pin=R24-2
Added Net: Name=NetC13_2
Added Pin To Net: NetName=NetCF1_1 Pin=CF1-1
Added Pin To Net: NetName=NetCF1_1 Pin=Q1-1
Added Net: Name=NetCF1_1
Added Pin To Net: NetName=NetCF3_1 Pin=CF3-1
Added Pin To Net: NetName=NetCF3_1 Pin=R12-2
Added Net: Name=NetCF3_1
Added Pin To Net: NetName=NetD1_1 Pin=D1-1
Added Pin To Net: NetName=NetD1_1 Pin=T1-3
Added Net: Name=NetD1_1
Added Pin To Net: NetName=NetD1_2 Pin=D1-2
Added Pin To Net: NetName=NetD1_2 Pin=T1-6
Added Net: Name=NetD1_2
Added Pin To Net: NetName=NetP1_2 Pin=P1-2
Added Pin To Net: NetName=NetP1_2 Pin=R25-2
Added Net: Name=NetP1_2
Added Pin To Net: NetName=NetQ1_3 Pin=Q1-3
Added Pin To Net: NetName=NetQ1_3 Pin=R13-2
Added Pin To Net: NetName=NetQ1_3 Pin=R17-1
Added Net: Name=NetQ1_3
Added Pin To Net: NetName=NetQ4_3 Pin=Q4-3
Added Pin To Net: NetName=NetQ4_3 Pin=R7-2
Added Pin To Net: NetName=NetQ4_3 Pin=T1-2
Added Net: Name=NetQ4_3
Added Pin To Net: NetName=NetQ5_2 Pin=Q5-2
Added Pin To Net: NetName=NetQ5_2 Pin=R22-2
Added Pin To Net: NetName=NetQ5_2 Pin=R23-1
Added Pin To Net: NetName=NetQ5_2 Pin=U1-2
Added Net: Name=NetQ5_2
Added Pin To Net: NetName=NetR25_1 Pin=R25-1
Added Pin To Net: NetName=NetR25_1 Pin=R26-2
Added Pin To Net: NetName=NetR25_1 Pin=U1-3
Added Net: Name=NetR25_1
Added Pin To Net: NetName=VCC Pin=C14-2
Added Pin To Net: NetName=VCC Pin=P1-1
Added Pin To Net: NetName=VCC Pin=Q5-1
Added Pin To Net: NetName=VCC Pin=R1-1
Added Pin To Net: NetName=VCC Pin=R3-1
Added Pin To Net: NetName=VCC Pin=R4-1
Added Pin To Net: NetName=VCC Pin=U1-8
Added Net: Name=VCC
Added Class: Name=FI_10_7
Added Room: Name=FI_10_7
