Added Component: Designator=C15(C0805)
Added Component: Designator=C16(HA-C1)
Added Component: Designator=C28(C0805)
Added Component: Designator=C30(HA-C1)
Added Component: Designator=C52(HA-C1)
Added Component: Designator=C53(C0805)
Added Component: Designator=C54(HA-C1)
Added Component: Designator=D2(SOT323_N)
Added Component: Designator=P3(HDR1X2)
Added Component: Designator=Q3(SOT23_N)
Added Component: Designator=R4(2012[0805])
Added Component: Designator=R19(2012[0805])
Added Component: Designator=R20(2012[0805])
Added Component: Designator=R21(Potenciometro)
Added Component: Designator=U4(N08E)
Added Pin To Net: NetName=VCC Pin=C30-1
Added Pin To Net: NetName=GND Pin=C53-2
Added Pin To Net: NetName=GND Pin=P3-2
Added Pin To Net: NetName=AUDIO Pin=Q3-2
Added Pin To Net: NetName=AUDIO Pin=R19-1
Added Pin To Net: NetName=GND Pin=R21-1
Added Pin To Net: NetName=VCC Pin=R21-2
Added Pin To Net: NetName=GND Pin=U4-4
Added Pin To Net: NetName=VCC Pin=U4-6
Added Pin To Net: NetName=NetC15_1 Pin=C15-1
Added Pin To Net: NetName=NetC15_1 Pin=Q3-1
Added Net: Name=NetC15_1
Added Pin To Net: NetName=NetC15_2 Pin=C15-2
Added Pin To Net: NetName=NetC15_2 Pin=C28-1
Added Pin To Net: NetName=NetC15_2 Pin=R4-2
Added Pin To Net: NetName=NetC15_2 Pin=U4-3
Added Net: Name=NetC15_2
Added Pin To Net: NetName=NetC16_1 Pin=C16-1
Added Pin To Net: NetName=NetC16_1 Pin=C54-1
Added Pin To Net: NetName=NetC16_1 Pin=U4-5
Added Net: Name=NetC16_1
Added Pin To Net: NetName=NetC16_2 Pin=C16-2
Added Pin To Net: NetName=NetC16_2 Pin=P3-1
Added Net: Name=NetC16_2
Added Pin To Net: NetName=NetC28_2 Pin=C28-2
Added Pin To Net: NetName=NetC28_2 Pin=C53-1
Added Pin To Net: NetName=NetC28_2 Pin=R4-1
Added Pin To Net: NetName=NetC28_2 Pin=U4-2
Added Net: Name=NetC28_2
Added Pin To Net: NetName=NetC30_2 Pin=C30-2
Added Pin To Net: NetName=NetC30_2 Pin=D2-1
Added Pin To Net: NetName=NetC30_2 Pin=R20-2
Added Net: Name=NetC30_2
Added Pin To Net: NetName=NetC52_1 Pin=C52-1
Added Pin To Net: NetName=NetC52_1 Pin=U4-1
Added Net: Name=NetC52_1
Added Pin To Net: NetName=NetC52_2 Pin=C52-2
Added Pin To Net: NetName=NetC52_2 Pin=U4-8
Added Net: Name=NetC52_2
Added Pin To Net: NetName=NetC54_2 Pin=C54-2
Added Pin To Net: NetName=NetC54_2 Pin=D2-3
Added Net: Name=NetC54_2
Added Pin To Net: NetName=NetD2_2 Pin=D2-2
Added Pin To Net: NetName=NetD2_2 Pin=R21-3
Added Net: Name=NetD2_2
Added Pin To Net: NetName=NetQ3_3 Pin=Q3-3
Added Pin To Net: NetName=NetQ3_3 Pin=R19-2
Added Pin To Net: NetName=NetQ3_3 Pin=R20-1
Added Net: Name=NetQ3_3
Added Class: Name=Ampli_audio
Added Room: Name=Ampli_audio
