Added Component: Designator=C1(C0805)
Added Component: Designator=C2(B)
Added Component: Designator=C3(C0805)
Added Component: Designator=C4(C0805)
Added Component: Designator=C5(C0805)
Added Component: Designator=C6(C0805)
Added Component: Designator=C7(C0805)
Added Component: Designator=C8(C0805)
Added Component: Designator=C9(C0805)
Added Component: Designator=C10(C0805)
Added Component: Designator=C11(C0805)
Added Component: Designator=C12(C1206)
Added Component: Designator=C13(C0805)
Added Component: Designator=C14(C0805)
Added Component: Designator=C15(C0805)
Added Component: Designator=C16(C0805)
Added Component: Designator=C17(C0805)
Added Component: Designator=C18(C0805)
Added Component: Designator=C19(C0805)
Added Component: Designator=C20(C0805)
Added Component: Designator=C21(C0805)
Added Component: Designator=C22(C0805)
Added Component: Designator=C23(C0805)
Added Component: Designator=C24(C0805)
Added Component: Designator=C25(C0805)
Added Component: Designator=C26(C0805)
Added Component: Designator=C27(C0805)
Added Component: Designator=C28(B)
Added Component: Designator=C29(C0805)
Added Component: Designator=C30(C0805)
Added Component: Designator=C31(C0805)
Added Component: Designator=C32(C0805)
Added Component: Designator=C33(C0805)
Added Component: Designator=C34(C0805)
Added Component: Designator=C35(C0805)
Added Component: Designator=C36(C0805)
Added Component: Designator=C37(C0805)
Added Component: Designator=C38(C0805)
Added Component: Designator=C39(C0805)
Added Component: Designator=C40(C0805)
Added Component: Designator=C41(C0805)
Added Component: Designator=C42(C0805)
Added Component: Designator=C43(C0805)
Added Component: Designator=C44(C0805)
Added Component: Designator=C45(C0805)
Added Component: Designator=C46(C0805)
Added Component: Designator=C47(C0805)
Added Component: Designator=C48(C0805)
Added Component: Designator=C49(B)
Added Component: Designator=Cp1(C0805)
Added Component: Designator=Cp2(C0805)
Added Component: Designator=D1(SOT323_N)
Added Component: Designator=Ind1(Ind_5mm)
Added Component: Designator=Ind2(Ind_4mm)
Added Component: Designator=Ind3(NTH12_2)
Added Component: Designator=Ind4(Ind_5mm)
Added Component: Designator=L1(0402-A)
Added Component: Designator=L2(0402-A)
Added Component: Designator=L3(0402-A)
Added Component: Designator=L4(0402-A)
Added Component: Designator=L5(AXIAL-0.3)
Added Component: Designator=L6(AXIAL-0.3)
Added Component: Designator=P1(HDR1X3)
Added Component: Designator=P2(HDR1X2)
Added Component: Designator=Q1(SOT23_N)
Added Component: Designator=Q2(SOT23_N)
Added Component: Designator=R1(AXIAL-0.4)
Added Component: Designator=R2(2012[0805])
Added Component: Designator=R3(2012[0805])
Added Component: Designator=R4(AXIAL-0.4)
Added Component: Designator=R5(2012[0805])
Added Component: Designator=R6(2012[0805])
Added Component: Designator=R7(2012[0805])
Added Component: Designator=R8(2012[0805])
Added Component: Designator=R9(2012[0805])
Added Component: Designator=R10(2012[0805])
Added Component: Designator=R11(2012[0805])
Added Component: Designator=R12(2012[0805])
Added Component: Designator=R13(2012[0805])
Added Component: Designator=R14(2012[0805])
Added Component: Designator=R15(2012[0805])
Added Component: Designator=R16(2012[0805])
Added Component: Designator=R17(2012[0805])
Added Component: Designator=R18(2012[0805])
Added Component: Designator=T1(NTH12)
Added Component: Designator=T2(NTH12)
Added Component: Designator=U1(SA602)
Added Component: Designator=U2(UPC2710TB2)
Added Component: Designator=U3(SA602)
Added Component: Designator=Y1(HC-49US)
Added Component: Designator=Y2(HC-49U)
Added Component: Designator=Y3(HC-49U)
Added Component: Designator=Y4(HC-49U)
Added Component: Designator=Y5(HC-49U)
Added Component: Designator=Y6(HC-49U)
Added Pin To Net: NetName=FI1 Pin=C30-1
Added Pin To Net: NetName=FI1 Pin=U3-1
Added Pin To Net: NetName=FI1 Pin=Y1-3
Added Net: Name=FI1
Added Pin To Net: NetName=FI2 Pin=C36-2
Added Pin To Net: NetName=FI2 Pin=Q2-1
Added Pin To Net: NetName=FI2 Pin=R10-1
Added Pin To Net: NetName=FI2 Pin=R15-2
Added Net: Name=FI2
Added Pin To Net: NetName=GND Pin=C1-2
Added Pin To Net: NetName=GND Pin=C2-2
Added Pin To Net: NetName=GND Pin=C4-2
Added Pin To Net: NetName=GND Pin=C8-2
Added Pin To Net: NetName=GND Pin=C10-2
Added Pin To Net: NetName=GND Pin=C12-2
Added Pin To Net: NetName=GND Pin=C13-2
Added Pin To Net: NetName=GND Pin=C14-2
Added Pin To Net: NetName=GND Pin=C17-2
Added Pin To Net: NetName=GND Pin=C23-2
Added Pin To Net: NetName=GND Pin=C24-2
Added Pin To Net: NetName=GND Pin=C25-2
Added Pin To Net: NetName=GND Pin=C26-2
Added Pin To Net: NetName=GND Pin=C27-2
Added Pin To Net: NetName=GND Pin=C28-2
Added Pin To Net: NetName=GND Pin=C29-2
Added Pin To Net: NetName=GND Pin=C33-2
Added Pin To Net: NetName=GND Pin=C37-2
Added Pin To Net: NetName=GND Pin=C38-2
Added Pin To Net: NetName=GND Pin=C39-2
Added Pin To Net: NetName=GND Pin=C40-2
Added Pin To Net: NetName=GND Pin=C41-2
Added Pin To Net: NetName=GND Pin=C46-2
Added Pin To Net: NetName=GND Pin=C47-2
Added Pin To Net: NetName=GND Pin=C48-2
Added Pin To Net: NetName=GND Pin=C49-2
Added Pin To Net: NetName=GND Pin=Cp1-2
Added Pin To Net: NetName=GND Pin=Cp2-2
Added Pin To Net: NetName=GND Pin=D1-1
Added Pin To Net: NetName=GND Pin=Ind2-1
Added Pin To Net: NetName=GND Pin=L1-2
Added Pin To Net: NetName=GND Pin=L2-2
Added Pin To Net: NetName=GND Pin=L3-2
Added Pin To Net: NetName=GND Pin=L4-2
Added Pin To Net: NetName=GND Pin=P1-3
Added Pin To Net: NetName=GND Pin=P2-2
Added Pin To Net: NetName=GND Pin=R2-1
Added Pin To Net: NetName=GND Pin=R5-1
Added Pin To Net: NetName=GND Pin=R12-1
Added Pin To Net: NetName=GND Pin=R13-1
Added Pin To Net: NetName=GND Pin=R14-2
Added Pin To Net: NetName=GND Pin=R16-1
Added Pin To Net: NetName=GND Pin=R17-2
Added Pin To Net: NetName=GND Pin=T1-4
Added Pin To Net: NetName=GND Pin=T2-4
Added Pin To Net: NetName=GND Pin=U1-3
Added Pin To Net: NetName=GND Pin=U2-2
Added Pin To Net: NetName=GND Pin=U2-3
Added Pin To Net: NetName=GND Pin=U2-5
Added Pin To Net: NetName=GND Pin=U3-3
Added Pin To Net: NetName=GND Pin=Y1-2
Added Pin To Net: NetName=GND Pin=Y2-2
Added Net: Name=GND
Added Pin To Net: NetName=NetC1_1 Pin=C1-1
Added Pin To Net: NetName=NetC1_1 Pin=R1-1
Added Pin To Net: NetName=NetC1_1 Pin=U1-8
Added Net: Name=NetC1_1
Added Pin To Net: NetName=NetC3_1 Pin=C3-1
Added Pin To Net: NetName=NetC3_1 Pin=U1-1
Added Net: Name=NetC3_1
Added Pin To Net: NetName=NetC4_1 Pin=C4-1
Added Pin To Net: NetName=NetC4_1 Pin=C6-1
Added Pin To Net: NetName=NetC4_1 Pin=R2-2
Added Pin To Net: NetName=NetC4_1 Pin=U1-7
Added Net: Name=NetC4_1
Added Pin To Net: NetName=NetC5_2 Pin=C5-2
Added Pin To Net: NetName=NetC5_2 Pin=C8-1
Added Pin To Net: NetName=NetC5_2 Pin=Ind1-1
Added Pin To Net: NetName=NetC5_2 Pin=U1-2
Added Net: Name=NetC5_2
Added Pin To Net: NetName=NetC6_2 Pin=C6-2
Added Pin To Net: NetName=NetC6_2 Pin=C7-1
Added Pin To Net: NetName=NetC6_2 Pin=U1-6
Added Net: Name=NetC6_2
Added Pin To Net: NetName=NetC7_2 Pin=C7-2
Added Pin To Net: NetName=NetC7_2 Pin=C9-2
Added Pin To Net: NetName=NetC7_2 Pin=Ind2-2
Added Net: Name=NetC7_2
Added Pin To Net: NetName=NetC9_1 Pin=C9-1
Added Pin To Net: NetName=NetC9_1 Pin=C10-1
Added Pin To Net: NetName=NetC9_1 Pin=C12-1
Added Pin To Net: NetName=NetC9_1 Pin=R3-2
Added Net: Name=NetC9_1
Added Pin To Net: NetName=NetC11_1 Pin=C11-1
Added Pin To Net: NetName=NetC11_1 Pin=U1-5
Added Net: Name=NetC11_1
Added Pin To Net: NetName=NetC11_2 Pin=C11-2
Added Pin To Net: NetName=NetC11_2 Pin=T1-2
Added Pin To Net: NetName=NetC11_2 Pin=U1-4
Added Net: Name=NetC11_2
Added Pin To Net: NetName=NetC15_1 Pin=C15-1
Added Pin To Net: NetName=NetC15_1 Pin=Ind3-2
Added Pin To Net: NetName=NetC15_1 Pin=U2-4
Added Net: Name=NetC15_1
Added Pin To Net: NetName=NetC16_2 Pin=C16-2
Added Pin To Net: NetName=NetC16_2 Pin=U2-1
Added Net: Name=NetC16_2
Added Pin To Net: NetName=NetC18_2 Pin=C18-2
Added Pin To Net: NetName=NetC18_2 Pin=C19-1
Added Pin To Net: NetName=NetC18_2 Pin=C23-1
Added Pin To Net: NetName=NetC18_2 Pin=L1-1
Added Net: Name=NetC18_2
Added Pin To Net: NetName=NetC19_2 Pin=C19-2
Added Pin To Net: NetName=NetC19_2 Pin=C20-1
Added Pin To Net: NetName=NetC19_2 Pin=C24-1
Added Pin To Net: NetName=NetC19_2 Pin=L2-1
Added Net: Name=NetC19_2
Added Pin To Net: NetName=NetC20_2 Pin=C20-2
Added Pin To Net: NetName=NetC20_2 Pin=C21-1
Added Pin To Net: NetName=NetC20_2 Pin=C25-1
Added Pin To Net: NetName=NetC20_2 Pin=L3-1
Added Net: Name=NetC20_2
Added Pin To Net: NetName=NetC21_2 Pin=C21-2
Added Pin To Net: NetName=NetC21_2 Pin=C22-1
Added Pin To Net: NetName=NetC21_2 Pin=C26-1
Added Pin To Net: NetName=NetC21_2 Pin=L4-1
Added Net: Name=NetC21_2
Added Pin To Net: NetName=NetC27_1 Pin=C27-1
Added Pin To Net: NetName=NetC27_1 Pin=R4-1
Added Pin To Net: NetName=NetC27_1 Pin=U3-8
Added Net: Name=NetC27_1
Added Pin To Net: NetName=NetC29_1 Pin=C29-1
Added Pin To Net: NetName=NetC29_1 Pin=C31-1
Added Pin To Net: NetName=NetC29_1 Pin=R5-2
Added Pin To Net: NetName=NetC29_1 Pin=U3-7
Added Net: Name=NetC29_1
Added Pin To Net: NetName=NetC30_2 Pin=C30-2
Added Pin To Net: NetName=NetC30_2 Pin=C33-1
Added Pin To Net: NetName=NetC30_2 Pin=Ind4-1
Added Pin To Net: NetName=NetC30_2 Pin=U3-2
Added Net: Name=NetC30_2
Added Pin To Net: NetName=NetC31_2 Pin=C31-2
Added Pin To Net: NetName=NetC31_2 Pin=C32-1
Added Pin To Net: NetName=NetC31_2 Pin=U3-6
Added Net: Name=NetC31_2
Added Pin To Net: NetName=NetC32_2 Pin=C32-2
Added Pin To Net: NetName=NetC32_2 Pin=Y2-1
Added Net: Name=NetC32_2
Added Pin To Net: NetName=NetC34_1 Pin=C34-1
Added Pin To Net: NetName=NetC34_1 Pin=U3-5
Added Net: Name=NetC34_1
Added Pin To Net: NetName=NetC34_2 Pin=C34-2
Added Pin To Net: NetName=NetC34_2 Pin=T2-2
Added Pin To Net: NetName=NetC34_2 Pin=U3-4
Added Net: Name=NetC34_2
Added Pin To Net: NetName=NetC35_1 Pin=C35-1
Added Pin To Net: NetName=NetC35_1 Pin=T2-3
Added Net: Name=NetC35_1
Added Pin To Net: NetName=NetC35_2 Pin=C35-2
Added Pin To Net: NetName=NetC35_2 Pin=Y3-1
Added Net: Name=NetC35_2
Added Pin To Net: NetName=NetC36_1 Pin=C36-1
Added Pin To Net: NetName=NetC36_1 Pin=Y6-2
Added Net: Name=NetC36_1
Added Pin To Net: NetName=NetC37_1 Pin=C37-1
Added Pin To Net: NetName=NetC37_1 Pin=Y3-2
Added Pin To Net: NetName=NetC37_1 Pin=Y4-1
Added Net: Name=NetC37_1
Added Pin To Net: NetName=NetC38_1 Pin=C38-1
Added Pin To Net: NetName=NetC38_1 Pin=Y4-2
Added Pin To Net: NetName=NetC38_1 Pin=Y5-1
Added Net: Name=NetC38_1
Added Pin To Net: NetName=NetC39_1 Pin=C39-1
Added Pin To Net: NetName=NetC39_1 Pin=Y5-2
Added Pin To Net: NetName=NetC39_1 Pin=Y6-1
Added Net: Name=NetC39_1
Added Pin To Net: NetName=NetC40_1 Pin=C40-1
Added Pin To Net: NetName=NetC40_1 Pin=C43-1
Added Pin To Net: NetName=NetC40_1 Pin=L5-2
Added Pin To Net: NetName=NetC40_1 Pin=R6-2
Added Pin To Net: NetName=NetC40_1 Pin=R10-2
Added Pin To Net: NetName=NetC40_1 Pin=R11-2
Added Net: Name=NetC40_1
Added Pin To Net: NetName=NetC41_1 Pin=C41-1
Added Pin To Net: NetName=NetC41_1 Pin=C42-1
Added Pin To Net: NetName=NetC41_1 Pin=L6-2
Added Pin To Net: NetName=NetC41_1 Pin=R7-1
Added Pin To Net: NetName=NetC41_1 Pin=R8-1
Added Pin To Net: NetName=NetC41_1 Pin=R9-1
Added Net: Name=NetC41_1
Added Pin To Net: NetName=NetC42_2 Pin=C42-2
Added Pin To Net: NetName=NetC42_2 Pin=C45-1
Added Pin To Net: NetName=NetC42_2 Pin=L6-1
Added Pin To Net: NetName=NetC42_2 Pin=Q1-3
Added Pin To Net: NetName=NetC42_2 Pin=R9-2
Added Net: Name=NetC42_2
Added Pin To Net: NetName=NetC43_2 Pin=C43-2
Added Pin To Net: NetName=NetC43_2 Pin=C44-1
Added Pin To Net: NetName=NetC43_2 Pin=L5-1
Added Pin To Net: NetName=NetC43_2 Pin=Q2-3
Added Pin To Net: NetName=NetC43_2 Pin=R11-1
Added Net: Name=NetC43_2
Added Pin To Net: NetName=NetC44_2 Pin=C44-2
Added Pin To Net: NetName=NetC44_2 Pin=Q1-1
Added Pin To Net: NetName=NetC44_2 Pin=R8-2
Added Pin To Net: NetName=NetC44_2 Pin=R14-1
Added Net: Name=NetC44_2
Added Pin To Net: NetName=NetC45_2 Pin=C45-2
Added Pin To Net: NetName=NetC45_2 Pin=D1-3
Added Pin To Net: NetName=NetC45_2 Pin=R12-2
Added Net: Name=NetC45_2
Added Pin To Net: NetName=NetC46_1 Pin=C46-1
Added Pin To Net: NetName=NetC46_1 Pin=D1-2
Added Pin To Net: NetName=NetC46_1 Pin=R13-2
Added Pin To Net: NetName=NetC46_1 Pin=R18-1
Added Net: Name=NetC46_1
Added Pin To Net: NetName=NetC47_1 Pin=C47-1
Added Pin To Net: NetName=NetC47_1 Pin=Q2-2
Added Pin To Net: NetName=NetC47_1 Pin=R16-2
Added Net: Name=NetC47_1
Added Pin To Net: NetName=NetC48_1 Pin=C48-1
Added Pin To Net: NetName=NetC48_1 Pin=Q1-2
Added Pin To Net: NetName=NetC48_1 Pin=R17-1
Added Net: Name=NetC48_1
Added Pin To Net: NetName=NetC49_1 Pin=C49-1
Added Pin To Net: NetName=NetC49_1 Pin=R15-1
Added Pin To Net: NetName=NetC49_1 Pin=R18-2
Added Net: Name=NetC49_1
Added Pin To Net: NetName=NetP1_2 Pin=P1-2
Added Pin To Net: NetName=NetP1_2 Pin=R3-1
Added Net: Name=NetP1_2
Added Pin To Net: NetName=NetT1_3 Pin=T1-3
Added Pin To Net: NetName=NetT1_3 Pin=Y1-1
Added Net: Name=NetT1_3
Added Pin To Net: NetName=RF_AMP Pin=C3-2
Added Pin To Net: NetName=RF_AMP Pin=C5-1
Added Pin To Net: NetName=RF_AMP Pin=C15-2
Added Net: Name=RF_AMP
Added Pin To Net: NetName=RF_FILT Pin=C16-1
Added Pin To Net: NetName=RF_FILT Pin=C22-2
Added Net: Name=RF_FILT
Added Pin To Net: NetName=RF_IN Pin=C18-1
Added Net: Name=RF_IN
Added Pin To Net: NetName=VCC Pin=C2-1
Added Pin To Net: NetName=VCC Pin=C13-1
Added Pin To Net: NetName=VCC Pin=C14-1
Added Pin To Net: NetName=VCC Pin=C17-1
Added Pin To Net: NetName=VCC Pin=C28-1
Added Pin To Net: NetName=VCC Pin=Cp1-1
Added Pin To Net: NetName=VCC Pin=Cp2-1
Added Pin To Net: NetName=VCC Pin=Ind3-1
Added Pin To Net: NetName=VCC Pin=P1-1
Added Pin To Net: NetName=VCC Pin=P2-1
Added Pin To Net: NetName=VCC Pin=R1-2
Added Pin To Net: NetName=VCC Pin=R4-2
Added Pin To Net: NetName=VCC Pin=R6-1
Added Pin To Net: NetName=VCC Pin=R7-2
Added Pin To Net: NetName=VCC Pin=U2-6
Added Net: Name=VCC
Added Class: Name=Alimentacion
Added Class: Name=Ampli_FI2
Added Class: Name=Ampli_RF
Added Class: Name=FiltroRF
Added Class: Name=Mezclador1
Added Class: Name=Mezclador2
Added Room: Name=Alimentacion
Added Room: Name=Ampli_FI2
Added Room: Name=Ampli_RF
Added Room: Name=FiltroRF
Added Room: Name=Mezclador1
Added Room: Name=Mezclador2
