Added Component: Designator=C1(C0805)
Added Component: Designator=C2(C0805)
Added Component: Designator=C3(C0805)
Added Component: Designator=C4(C0805)
Added Component: Designator=C5(C0805)
Added Component: Designator=C6(C0805)
Added Component: Designator=Ind1(Ind_3mm)
Added Component: Designator=Ind2(Ind_3mm)
Added Component: Designator=Ind3(IND_7MM)
Added Pin To Net: NetName=GND Pin=C1-2
Added Pin To Net: NetName=GND Pin=C2-2
Added Pin To Net: NetName=GND Pin=C5-2
Added Pin To Net: NetName=GND Pin=C6-2
Added Pin To Net: NetName=GND Pin=Ind1-1
Added Pin To Net: NetName=GND Pin=Ind2-1
Added Net: Name=GND
Added Pin To Net: NetName=IN Pin=C1-1
Added Pin To Net: NetName=IN Pin=C2-1
Added Pin To Net: NetName=IN Pin=Ind1-2
Added Pin To Net: NetName=IN Pin=Ind3-2
Added Net: Name=IN
Added Pin To Net: NetName=NetC3_1 Pin=C3-1
Added Pin To Net: NetName=NetC3_1 Pin=Ind3-1
Added Net: Name=NetC3_1
Added Pin To Net: NetName=NetC3_2 Pin=C3-2
Added Pin To Net: NetName=NetC3_2 Pin=C4-1
Added Net: Name=NetC3_2
Added Pin To Net: NetName=OUT Pin=C4-2
Added Pin To Net: NetName=OUT Pin=C5-1
Added Pin To Net: NetName=OUT Pin=C6-1
Added Pin To Net: NetName=OUT Pin=Ind2-2
Added Net: Name=OUT
Added Class: Name=filtroBA
Added Room: Name=filtroBA
