Added Component: Designator=C4(C0805)
Added Component: Designator=U1(UPC2710TB2)
Added Pin To Net: NetName=VCC Pin=C3-1
Added Pin To Net: NetName=GND Pin=C3-2
Added Pin To Net: NetName=VCC Pin=C4-1
Added Pin To Net: NetName=GND Pin=C4-2
Added Pin To Net: NetName=NetC2_1 Pin=Ind1-1
Added Pin To Net: NetName=VCC Pin=P1-1
Added Pin To Net: NetName=GND Pin=P1-2
Added Pin To Net: NetName=NetR1_2 Pin=R1-2
Added Pin To Net: NetName=GND Pin=U1-2
Added Pin To Net: NetName=GND Pin=U1-3
Added Pin To Net: NetName=GND Pin=U1-5
Added Pin To Net: NetName=NetC3_1 Pin=C3-1
Added Pin To Net: NetName=NetC3_1 Pin=Ind1-1
Added Pin To Net: NetName=NetC3_1 Pin=R1-2
Added Pin To Net: NetName=NetC3_1 Pin=U1-6
Added Net: Name=NetC3_1
Added Class: Name=UPC2710TB
Added Member To Class: ClassName=MAR1SM Member=Component R2 Res Semi
Added Member To Class: ClassName=MAR1SM Member=Component RF1 *
Added Room: Name=UPC2710TB
Removed Pin From Net: NetName=NetC1_2 Pin=C1-2
Added Pin To Net: NetName=NetC1_2 Pin=C1-2
Removed Pin From Net: NetName=NetC2_1 Pin=C2-1
Added Pin To Net: NetName=NetC2_1 Pin=C2-1
Removed Pin From Net: NetName=NetInd1_2 Pin=Ind1-2
Added Pin To Net: NetName=NetInd1_2 Pin=Ind1-2
Removed Pin From Net: NetName=NetInd1_2 Pin=R1-1
Added Pin To Net: NetName=NetInd1_2 Pin=R1-1
Removed Pin From Net: NetName=NetInd1_2 Pin=R1-1
Added Pin To Net: NetName=VCC Pin=R1-1
