Added Component: Designator=C1(C0805)
Added Component: Designator=C2(C0805)
Added Component: Designator=C3(C0805)
Added Component: Designator=Ind1(Ind_4mm)
Added Component: Designator=P1(HDR1X2)
Added Component: Designator=R1(2012[0805])
Added Component: Designator=R2(2012[0805])
Added Component: Designator=RF1(MAR-1)
Added Pin To Net: NetName=GND Pin=C3-2
Added Pin To Net: NetName=GND Pin=P1-2
Added Net: Name=GND
Added Pin To Net: NetName=NetC1_2 Pin=C1-2
Added Net: Name=NetC1_2
Added Pin To Net: NetName=NetC2_1 Pin=C2-1
Added Pin To Net: NetName=NetC2_1 Pin=Ind1-1
Added Net: Name=NetC2_1
Added Pin To Net: NetName=NetInd1_2 Pin=Ind1-2
Added Pin To Net: NetName=NetInd1_2 Pin=R1-1
Added Net: Name=NetInd1_2
Added Pin To Net: NetName=NetR1_2 Pin=R1-2
Added Pin To Net: NetName=NetR1_2 Pin=R2-1
Added Net: Name=NetR1_2
Added Pin To Net: NetName=VCC Pin=C3-1
Added Pin To Net: NetName=VCC Pin=P1-1
Added Pin To Net: NetName=VCC Pin=R2-2
Added Net: Name=VCC
Added Class: Name=MAR1SM
Added Room: Name=MAR1SM
