Added Component: Designator=C1(C0805)
Added Component: Designator=C2(C0805)
Added Component: Designator=C3(SMA1)
Added Component: Designator=C4(C0805)
Added Component: Designator=C5(C0805)
Added Component: Designator=C6(C0805)
Added Component: Designator=C7(C0805)
Added Component: Designator=C8(C0805)
Added Component: Designator=C9(C0805)
Added Component: Designator=C10(C0805)
Added Component: Designator=C11(C0805)
Added Component: Designator=C12(C0805)
Added Component: Designator=C13(C0805)
Added Component: Designator=C14(C0805)
Added Component: Designator=C15(C0805)
Added Component: Designator=C16(C0805)
Added Component: Designator=C17(B)
Added Component: Designator=C18(C0805)
Added Component: Designator=C19(C0805)
Added Component: Designator=C20(C0805)
Added Component: Designator=C21(C0805)
Added Component: Designator=C22(C0805)
Added Component: Designator=C23(C0805)
Added Component: Designator=C24(C0805)
Added Component: Designator=C25(C0805)
Added Component: Designator=C26(C0805)
Added Component: Designator=C27(C0805)
Added Component: Designator=C28(C1206)
Added Component: Designator=C29(C0805)
Added Component: Designator=C30(C0805)
Added Component: Designator=C31(C0805)
Added Component: Designator=C32(C0805)
Added Component: Designator=C33(C0805)
Added Component: Designator=C34(C1206)
Added Component: Designator=C35(C0805)
Added Component: Designator=C36(C0805)
Added Component: Designator=C37(C0805)
Added Component: Designator=C38(C0805)
Added Component: Designator=C39(C0805)
Added Component: Designator=C40(C0805)
Added Component: Designator=C41(C0805)
Added Component: Designator=C42(C0805)
Added Component: Designator=C43(C0805)
Added Component: Designator=C44(C0805)
Added Component: Designator=C45(C0805)
Added Component: Designator=C46(C0805)
Added Component: Designator=C47(C0805)
Added Component: Designator=C48(B)
Added Component: Designator=C49(C0805)
Added Component: Designator=C50(C0805)
Added Component: Designator=C51(B)
Added Component: Designator=C52(C0805)
Added Component: Designator=C53(B)
Added Component: Designator=C54(B)
Added Component: Designator=C55(C0805)
Added Component: Designator=C56(C0805)
Added Component: Designator=C57(B)
Added Component: Designator=Cp1(C0805)
Added Component: Designator=D1(SOT323_N)
Added Component: Designator=D2(SOT323_N)
Added Component: Designator=Ind1(NTH12_2)
Added Component: Designator=Ind2(Ind_5mm)
Added Component: Designator=Ind3(Ind_4mm)
Added Component: Designator=L1(3261)
Added Component: Designator=L2(3261)
Added Component: Designator=L3(3261)
Added Component: Designator=L4(3261)
Added Component: Designator=L5(AXIAL-0.3)
Added Component: Designator=L6(AXIAL-0.3)
Added Component: Designator=P1(HDR1X2)
Added Component: Designator=P2(HDR1X3)
Added Component: Designator=P3(HDR1X2)
Added Component: Designator=P4(HDR1X3)
Added Component: Designator=P5(HDR1X2)
Added Component: Designator=Q1(SOT23_N)
Added Component: Designator=Q2(SOT23_N)
Added Component: Designator=Q3(SOT23_N)
Added Component: Designator=Q4(SOT23_N)
Added Component: Designator=Q5(SOT23_N)
Added Component: Designator=Q6(SOT23_N)
Added Component: Designator=Q7(SOT23_N)
Added Component: Designator=R1(2012[0805])
Added Component: Designator=R2(2012[0805])
Added Component: Designator=R3(2012[0805])
Added Component: Designator=R4(2012[0805])
Added Component: Designator=R5(2012[0805])
Added Component: Designator=R6(2012[0805])
Added Component: Designator=R7(2012[0805])
Added Component: Designator=R8(2012[0805])
Added Component: Designator=R9(2012[0805])
Added Component: Designator=R10(2012[0805])
Added Component: Designator=R11(2012[0805])
Added Component: Designator=R12(2012[0805])
Added Component: Designator=R13(2012[0805])
Added Component: Designator=R14(2012[0805])
Added Component: Designator=R15(2012[0805])
Added Component: Designator=R16(2012[0805])
Added Component: Designator=R17(2012[0805])
Added Component: Designator=R18(2012[0805])
Added Component: Designator=R19(2012[0805])
Added Component: Designator=R20(2012[0805])
Added Component: Designator=R21(2012[0805])
Added Component: Designator=R22(2012[0805])
Added Component: Designator=R23(2012[0805])
Added Component: Designator=R24(2012[0805])
Added Component: Designator=R25(2012[0805])
Added Component: Designator=R26(2012[0805])
Added Component: Designator=R27(2012[0805])
Added Component: Designator=R28(2012[0805])
Added Component: Designator=R29(2012[0805])
Added Component: Designator=R30(2012[0805])
Added Component: Designator=R31(2012[0805])
Added Component: Designator=R32(2012[0805])
Added Component: Designator=R33(2012[0805])
Added Component: Designator=R34(2012[0805])
Added Component: Designator=R35(2012[0805])
Added Component: Designator=R36(2012[0805])
Added Component: Designator=R37(Potenciometro)
Added Component: Designator=U1(Z03A)
Added Component: Designator=U2(UPC2710TB2)
Added Component: Designator=U3(SA602)
Added Component: Designator=U4(SA602)
Added Component: Designator=U5(626-05)
Added Component: Designator=U6(N08E)
Added Component: Designator=Y1(HC-49US)
Added Component: Designator=Y2(HC-49U)
Added Pin To Net: NetName=AUDIO Pin=C44-1
Added Pin To Net: NetName=AUDIO Pin=D1-2
Added Pin To Net: NetName=AUDIO Pin=Q7-2
Added Pin To Net: NetName=AUDIO Pin=R19-2
Added Pin To Net: NetName=AUDIO Pin=R28-1
Added Pin To Net: NetName=AUDIO Pin=R35-1
Added Net: Name=AUDIO
Added Pin To Net: NetName=AVCC Pin=P1-1
Added Pin To Net: NetName=AVCC Pin=U1-3
Added Pin To Net: NetName=AVCC Pin=U6-6
Added Net: Name=AVCC
Added Pin To Net: NetName=CAG Pin=C38-1
Added Pin To Net: NetName=CAG Pin=C39-1
Added Pin To Net: NetName=CAG Pin=L5-2
Added Pin To Net: NetName=CAG Pin=R9-2
Added Pin To Net: NetName=CAG Pin=R16-2
Added Pin To Net: NetName=CAG Pin=R17-2
Added Pin To Net: NetName=CAG Pin=R26-2
Added Pin To Net: NetName=CAG Pin=R27-2
Added Pin To Net: NetName=CAG Pin=R30-2
Added Pin To Net: NetName=CAG Pin=U5-6
Added Net: Name=CAG
Added Pin To Net: NetName=FI1 Pin=U4-1
Added Pin To Net: NetName=FI1 Pin=Y1-3
Added Net: Name=FI1
Added Pin To Net: NetName=FI2 Pin=C36-2
Added Pin To Net: NetName=FI2 Pin=Q4-2
Added Pin To Net: NetName=FI2 Pin=R18-2
Added Pin To Net: NetName=FI2 Pin=R22-1
Added Net: Name=FI2
Added Pin To Net: NetName=GND Pin=C1-2
Added Pin To Net: NetName=GND Pin=C2-2
Added Pin To Net: NetName=GND Pin=C3-2
Added Pin To Net: NetName=GND Pin=C3-3
Added Pin To Net: NetName=GND Pin=C3-4
Added Pin To Net: NetName=GND Pin=C3-5
Added Pin To Net: NetName=GND Pin=C9-2
Added Pin To Net: NetName=GND Pin=C10-2
Added Pin To Net: NetName=GND Pin=C11-2
Added Pin To Net: NetName=GND Pin=C12-2
Added Pin To Net: NetName=GND Pin=C13-2
Added Pin To Net: NetName=GND Pin=C14-2
Added Pin To Net: NetName=GND Pin=C15-2
Added Pin To Net: NetName=GND Pin=C16-2
Added Pin To Net: NetName=GND Pin=C17-2
Added Pin To Net: NetName=GND Pin=C20-2
Added Pin To Net: NetName=GND Pin=C24-2
Added Pin To Net: NetName=GND Pin=C26-2
Added Pin To Net: NetName=GND Pin=C28-2
Added Pin To Net: NetName=GND Pin=C29-2
Added Pin To Net: NetName=GND Pin=C30-2
Added Pin To Net: NetName=GND Pin=C31-2
Added Pin To Net: NetName=GND Pin=C34-2
Added Pin To Net: NetName=GND Pin=C37-2
Added Pin To Net: NetName=GND Pin=C40-2
Added Pin To Net: NetName=GND Pin=C44-2
Added Pin To Net: NetName=GND Pin=C45-2
Added Pin To Net: NetName=GND Pin=C46-2
Added Pin To Net: NetName=GND Pin=C47-2
Added Pin To Net: NetName=GND Pin=C48-2
Added Pin To Net: NetName=GND Pin=C49-2
Added Pin To Net: NetName=GND Pin=C55-2
Added Pin To Net: NetName=GND Pin=C56-2
Added Pin To Net: NetName=GND Pin=Cp1-2
Added Pin To Net: NetName=GND Pin=Ind3-1
Added Pin To Net: NetName=GND Pin=L1-2
Added Pin To Net: NetName=GND Pin=L2-2
Added Pin To Net: NetName=GND Pin=L3-2
Added Pin To Net: NetName=GND Pin=L4-2
Added Pin To Net: NetName=GND Pin=L6-1
Added Pin To Net: NetName=GND Pin=P1-2
Added Pin To Net: NetName=GND Pin=P2-3
Added Pin To Net: NetName=GND Pin=P4-3
Added Pin To Net: NetName=GND Pin=P5-2
Added Pin To Net: NetName=GND Pin=R5-1
Added Pin To Net: NetName=GND Pin=R6-1
Added Pin To Net: NetName=GND Pin=R7-1
Added Pin To Net: NetName=GND Pin=R11-1
Added Pin To Net: NetName=GND Pin=R19-1
Added Pin To Net: NetName=GND Pin=R21-2
Added Pin To Net: NetName=GND Pin=R23-1
Added Pin To Net: NetName=GND Pin=R24-1
Added Pin To Net: NetName=GND Pin=R25-2
Added Pin To Net: NetName=GND Pin=R29-1
Added Pin To Net: NetName=GND Pin=R31-2
Added Pin To Net: NetName=GND Pin=R33-2
Added Pin To Net: NetName=GND Pin=R37-1
Added Pin To Net: NetName=GND Pin=U1-2
Added Pin To Net: NetName=GND Pin=U2-2
Added Pin To Net: NetName=GND Pin=U2-3
Added Pin To Net: NetName=GND Pin=U2-5
Added Pin To Net: NetName=GND Pin=U3-3
Added Pin To Net: NetName=GND Pin=U4-3
Added Pin To Net: NetName=GND Pin=U5-4
Added Pin To Net: NetName=GND Pin=U6-4
Added Pin To Net: NetName=GND Pin=Y1-2
Added Net: Name=GND
Added Pin To Net: NetName=NetC4_2 Pin=C4-2
Added Pin To Net: NetName=NetC4_2 Pin=C5-1
Added Pin To Net: NetName=NetC4_2 Pin=C9-1
Added Pin To Net: NetName=NetC4_2 Pin=L1-1
Added Net: Name=NetC4_2
Added Pin To Net: NetName=NetC5_2 Pin=C5-2
Added Pin To Net: NetName=NetC5_2 Pin=C6-1
Added Pin To Net: NetName=NetC5_2 Pin=C11-1
Added Pin To Net: NetName=NetC5_2 Pin=C12-1
Added Pin To Net: NetName=NetC5_2 Pin=L2-1
Added Net: Name=NetC5_2
Added Pin To Net: NetName=NetC6_2 Pin=C6-2
Added Pin To Net: NetName=NetC6_2 Pin=C7-1
Added Pin To Net: NetName=NetC6_2 Pin=C10-1
Added Pin To Net: NetName=NetC6_2 Pin=C13-1
Added Pin To Net: NetName=NetC6_2 Pin=L3-1
Added Net: Name=NetC6_2
Added Pin To Net: NetName=NetC7_2 Pin=C7-2
Added Pin To Net: NetName=NetC7_2 Pin=C8-1
Added Pin To Net: NetName=NetC7_2 Pin=C14-1
Added Pin To Net: NetName=NetC7_2 Pin=L4-1
Added Net: Name=NetC7_2
Added Pin To Net: NetName=NetC15_1 Pin=C15-1
Added Pin To Net: NetName=NetC15_1 Pin=Ind1-1
Added Pin To Net: NetName=NetC15_1 Pin=R1-2
Added Pin To Net: NetName=NetC15_1 Pin=U2-6
Added Net: Name=NetC15_1
Added Pin To Net: NetName=NetC16_1 Pin=C16-1
Added Pin To Net: NetName=NetC16_1 Pin=R2-1
Added Pin To Net: NetName=NetC16_1 Pin=U3-8
Added Net: Name=NetC16_1
Added Pin To Net: NetName=NetC18_1 Pin=C18-1
Added Pin To Net: NetName=NetC18_1 Pin=Ind2-2
Added Pin To Net: NetName=NetC18_1 Pin=U3-1
Added Net: Name=NetC18_1
Added Pin To Net: NetName=NetC18_2 Pin=C18-2
Added Pin To Net: NetName=NetC18_2 Pin=C21-1
Added Pin To Net: NetName=NetC18_2 Pin=Q1-1
Added Net: Name=NetC18_2
Added Pin To Net: NetName=NetC19_1 Pin=C19-1
Added Pin To Net: NetName=NetC19_1 Pin=R4-2
Added Pin To Net: NetName=NetC19_1 Pin=R6-2
Added Net: Name=NetC19_1
Added Pin To Net: NetName=NetC19_2 Pin=C19-2
Added Pin To Net: NetName=NetC19_2 Pin=Q1-2
Added Pin To Net: NetName=NetC19_2 Pin=R3-1
Added Pin To Net: NetName=NetC19_2 Pin=R8-1
Added Net: Name=NetC19_2
Added Pin To Net: NetName=NetC20_1 Pin=C20-1
Added Pin To Net: NetName=NetC20_1 Pin=C22-1
Added Pin To Net: NetName=NetC20_1 Pin=R7-2
Added Pin To Net: NetName=NetC20_1 Pin=U3-7
Added Net: Name=NetC20_1
Added Pin To Net: NetName=NetC21_2 Pin=C21-2
Added Pin To Net: NetName=NetC21_2 Pin=C24-1
Added Pin To Net: NetName=NetC21_2 Pin=Ind2-1
Added Pin To Net: NetName=NetC21_2 Pin=U3-2
Added Net: Name=NetC21_2
Added Pin To Net: NetName=NetC22_2 Pin=C22-2
Added Pin To Net: NetName=NetC22_2 Pin=C23-1
Added Pin To Net: NetName=NetC22_2 Pin=U3-6
Added Net: Name=NetC22_2
Added Pin To Net: NetName=NetC23_2 Pin=C23-2
Added Pin To Net: NetName=NetC23_2 Pin=C25-2
Added Pin To Net: NetName=NetC23_2 Pin=Ind3-2
Added Net: Name=NetC23_2
Added Pin To Net: NetName=NetC25_1 Pin=C25-1
Added Pin To Net: NetName=NetC25_1 Pin=C26-1
Added Pin To Net: NetName=NetC25_1 Pin=C28-1
Added Pin To Net: NetName=NetC25_1 Pin=R10-2
Added Net: Name=NetC25_1
Added Pin To Net: NetName=NetC27_1 Pin=C27-1
Added Pin To Net: NetName=NetC27_1 Pin=U3-5
Added Net: Name=NetC27_1
Added Pin To Net: NetName=NetC27_2 Pin=C27-2
Added Pin To Net: NetName=NetC27_2 Pin=Y1-1
Added Net: Name=NetC27_2
Added Pin To Net: NetName=NetC30_1 Pin=C30-1
Added Pin To Net: NetName=NetC30_1 Pin=U4-2
Added Net: Name=NetC30_1
Added Pin To Net: NetName=NetC31_1 Pin=C31-1
Added Pin To Net: NetName=NetC31_1 Pin=C32-1
Added Pin To Net: NetName=NetC31_1 Pin=R11-2
Added Pin To Net: NetName=NetC31_1 Pin=U4-7
Added Net: Name=NetC31_1
Added Pin To Net: NetName=NetC32_2 Pin=C32-2
Added Pin To Net: NetName=NetC32_2 Pin=C33-1
Added Pin To Net: NetName=NetC32_2 Pin=U4-6
Added Net: Name=NetC32_2
Added Pin To Net: NetName=NetC33_2 Pin=C33-2
Added Pin To Net: NetName=NetC33_2 Pin=Y2-1
Added Net: Name=NetC33_2
Added Pin To Net: NetName=NetC34_1 Pin=C34-1
Added Pin To Net: NetName=NetC34_1 Pin=Y2-2
Added Net: Name=NetC34_1
Added Pin To Net: NetName=NetC35_1 Pin=C35-1
Added Pin To Net: NetName=NetC35_1 Pin=U4-5
Added Net: Name=NetC35_1
Added Pin To Net: NetName=NetC37_1 Pin=C37-1
Added Pin To Net: NetName=NetC37_1 Pin=R12-1
Added Pin To Net: NetName=NetC37_1 Pin=R14-1
Added Pin To Net: NetName=NetC37_1 Pin=R15-1
Added Net: Name=NetC37_1
Added Pin To Net: NetName=NetC38_2 Pin=C38-2
Added Pin To Net: NetName=NetC38_2 Pin=C39-2
Added Pin To Net: NetName=NetC38_2 Pin=C41-1
Added Pin To Net: NetName=NetC38_2 Pin=L5-1
Added Pin To Net: NetName=NetC38_2 Pin=Q5-3
Added Pin To Net: NetName=NetC38_2 Pin=R17-1
Added Net: Name=NetC38_2
Added Pin To Net: NetName=NetC40_1 Pin=C40-1
Added Pin To Net: NetName=NetC40_1 Pin=Q3-2
Added Pin To Net: NetName=NetC40_1 Pin=R15-2
Added Net: Name=NetC40_1
Added Pin To Net: NetName=NetC41_2 Pin=C41-2
Added Pin To Net: NetName=NetC41_2 Pin=Q2-2
Added Pin To Net: NetName=NetC41_2 Pin=R13-1
Added Pin To Net: NetName=NetC41_2 Pin=R20-1
Added Net: Name=NetC41_2
Added Pin To Net: NetName=NetC42_1 Pin=C42-1
Added Pin To Net: NetName=NetC42_1 Pin=Q2-1
Added Net: Name=NetC42_1
Added Pin To Net: NetName=NetC42_2 Pin=C42-2
Added Pin To Net: NetName=NetC42_2 Pin=Q3-1
Added Pin To Net: NetName=NetC42_2 Pin=R14-2
Added Pin To Net: NetName=NetC42_2 Pin=R21-1
Added Net: Name=NetC42_2
Added Pin To Net: NetName=NetC43_1 Pin=C43-1
Added Pin To Net: NetName=NetC43_1 Pin=Q4-1
Added Net: Name=NetC43_1
Added Pin To Net: NetName=NetC43_2 Pin=C43-2
Added Pin To Net: NetName=NetC43_2 Pin=Q5-1
Added Pin To Net: NetName=NetC43_2 Pin=R16-1
Added Pin To Net: NetName=NetC43_2 Pin=R23-2
Added Net: Name=NetC43_2
Added Pin To Net: NetName=NetC45_1 Pin=C45-1
Added Pin To Net: NetName=NetC45_1 Pin=Q5-2
Added Pin To Net: NetName=NetC45_1 Pin=R24-2
Added Net: Name=NetC45_1
Added Pin To Net: NetName=NetC46_1 Pin=C46-1
Added Pin To Net: NetName=NetC46_1 Pin=C47-1
Added Pin To Net: NetName=NetC46_1 Pin=D1-3
Added Pin To Net: NetName=NetC46_1 Pin=L6-2
Added Pin To Net: NetName=NetC46_1 Pin=Q3-3
Added Pin To Net: NetName=NetC46_1 Pin=R25-1
Added Net: Name=NetC46_1
Added Pin To Net: NetName=NetC48_1 Pin=C48-1
Added Pin To Net: NetName=NetC48_1 Pin=Q6-3
Added Pin To Net: NetName=NetC48_1 Pin=R28-2
Added Pin To Net: NetName=NetC48_1 Pin=R31-1
Added Net: Name=NetC48_1
Added Pin To Net: NetName=NetC50_1 Pin=C50-1
Added Pin To Net: NetName=NetC50_1 Pin=Q7-1
Added Net: Name=NetC50_1
Added Pin To Net: NetName=NetC50_2 Pin=C50-2
Added Pin To Net: NetName=NetC50_2 Pin=C52-1
Added Pin To Net: NetName=NetC50_2 Pin=R34-2
Added Pin To Net: NetName=NetC50_2 Pin=U6-3
Added Net: Name=NetC50_2
Added Pin To Net: NetName=NetC51_1 Pin=C51-1
Added Pin To Net: NetName=NetC51_1 Pin=C57-1
Added Pin To Net: NetName=NetC51_1 Pin=U6-5
Added Net: Name=NetC51_1
Added Pin To Net: NetName=NetC51_2 Pin=C51-2
Added Pin To Net: NetName=NetC51_2 Pin=P4-1
Added Net: Name=NetC51_2
Added Pin To Net: NetName=NetC52_2 Pin=C52-2
Added Pin To Net: NetName=NetC52_2 Pin=C55-1
Added Pin To Net: NetName=NetC52_2 Pin=R34-1
Added Pin To Net: NetName=NetC52_2 Pin=U6-2
Added Net: Name=NetC52_2
Added Pin To Net: NetName=NetC53_2 Pin=C53-2
Added Pin To Net: NetName=NetC53_2 Pin=D2-1
Added Pin To Net: NetName=NetC53_2 Pin=R36-2
Added Net: Name=NetC53_2
Added Pin To Net: NetName=NetC54_1 Pin=C54-1
Added Pin To Net: NetName=NetC54_1 Pin=U6-1
Added Net: Name=NetC54_1
Added Pin To Net: NetName=NetC54_2 Pin=C54-2
Added Pin To Net: NetName=NetC54_2 Pin=U6-8
Added Net: Name=NetC54_2
Added Pin To Net: NetName=NetC56_1 Pin=C56-1
Added Pin To Net: NetName=NetC56_1 Pin=P4-2
Added Pin To Net: NetName=NetC56_1 Pin=P5-1
Added Net: Name=NetC56_1
Added Pin To Net: NetName=NetC57_2 Pin=C57-2
Added Pin To Net: NetName=NetC57_2 Pin=D2-3
Added Net: Name=NetC57_2
Added Pin To Net: NetName=NetD2_2 Pin=D2-2
Added Pin To Net: NetName=NetD2_2 Pin=R37-3
Added Net: Name=NetD2_2
Added Pin To Net: NetName=NetP2_2 Pin=P2-2
Added Pin To Net: NetName=NetP2_2 Pin=R10-1
Added Net: Name=NetP2_2
Added Pin To Net: NetName=NetP3_2 Pin=P3-2
Added Pin To Net: NetName=NetP3_2 Pin=R32-1
Added Net: Name=NetP3_2
Added Pin To Net: NetName=NetQ1_3 Pin=Q1-3
Added Pin To Net: NetName=NetQ1_3 Pin=R8-2
Added Pin To Net: NetName=NetQ1_3 Pin=R9-1
Added Net: Name=NetQ1_3
Added Pin To Net: NetName=NetQ2_3 Pin=Q2-3
Added Pin To Net: NetName=NetQ2_3 Pin=R20-2
Added Pin To Net: NetName=NetQ2_3 Pin=R26-1
Added Net: Name=NetQ2_3
Added Pin To Net: NetName=NetQ4_3 Pin=Q4-3
Added Pin To Net: NetName=NetQ4_3 Pin=R22-2
Added Pin To Net: NetName=NetQ4_3 Pin=R27-1
Added Net: Name=NetQ4_3
Added Pin To Net: NetName=NetQ6_2 Pin=Q6-2
Added Pin To Net: NetName=NetQ6_2 Pin=R29-2
Added Pin To Net: NetName=NetQ6_2 Pin=R30-1
Added Pin To Net: NetName=NetQ6_2 Pin=U5-2
Added Net: Name=NetQ6_2
Added Pin To Net: NetName=NetQ7_3 Pin=Q7-3
Added Pin To Net: NetName=NetQ7_3 Pin=R35-2
Added Pin To Net: NetName=NetQ7_3 Pin=R36-1
Added Net: Name=NetQ7_3
Added Pin To Net: NetName=NetR32_2 Pin=R32-2
Added Pin To Net: NetName=NetR32_2 Pin=R33-1
Added Pin To Net: NetName=NetR32_2 Pin=U5-3
Added Net: Name=NetR32_2
Added Pin To Net: NetName=RF_AMP Pin=Ind1-2
Added Pin To Net: NetName=RF_AMP Pin=R4-1
Added Pin To Net: NetName=RF_AMP Pin=R5-2
Added Pin To Net: NetName=RF_AMP Pin=U2-4
Added Net: Name=RF_AMP
Added Pin To Net: NetName=RF_FILT Pin=C8-2
Added Pin To Net: NetName=RF_FILT Pin=U2-1
Added Net: Name=RF_FILT
Added Pin To Net: NetName=RF_IN Pin=C3-1
Added Pin To Net: NetName=RF_IN Pin=C4-1
Added Net: Name=RF_IN
Added Pin To Net: NetName=VCC Pin=C1-1
Added Pin To Net: NetName=VCC Pin=C2-1
Added Pin To Net: NetName=VCC Pin=C17-1
Added Pin To Net: NetName=VCC Pin=C29-1
Added Pin To Net: NetName=VCC Pin=C49-1
Added Pin To Net: NetName=VCC Pin=C53-1
Added Pin To Net: NetName=VCC Pin=Cp1-1
Added Pin To Net: NetName=VCC Pin=P2-1
Added Pin To Net: NetName=VCC Pin=P3-1
Added Pin To Net: NetName=VCC Pin=Q6-1
Added Pin To Net: NetName=VCC Pin=R1-1
Added Pin To Net: NetName=VCC Pin=R2-2
Added Pin To Net: NetName=VCC Pin=R3-2
Added Pin To Net: NetName=VCC Pin=R12-2
Added Pin To Net: NetName=VCC Pin=R13-2
Added Pin To Net: NetName=VCC Pin=R18-1
Added Pin To Net: NetName=VCC Pin=R37-2
Added Pin To Net: NetName=VCC Pin=U1-1
Added Pin To Net: NetName=VCC Pin=U4-8
Added Pin To Net: NetName=VCC Pin=U5-7
Added Net: Name=VCC
Added Class: Name=Alimentacion
Added Class: Name=Ampli_audio
Added Class: Name=Ampli_FI2
Added Class: Name=AmpliRF
Added Class: Name=FiltroRF
Added Class: Name=Mezclador1
Added Class: Name=Mezclador2
Added Room: Name=Alimentacion
Added Room: Name=Ampli_audio
Added Room: Name=Ampli_FI2
Added Room: Name=AmpliRF
Added Room: Name=FiltroRF
Added Room: Name=Mezclador1
Added Room: Name=Mezclador2
